{"/home/travis/build/npmtest/node-npmtest-greenkeeper/test.js":{"path":"/home/travis/build/npmtest/node-npmtest-greenkeeper/test.js","s":{"1":2,"2":2,"3":2,"4":2,"5":2,"6":2,"7":2,"8":1,"9":2,"10":2,"11":1,"12":1,"13":1,"14":1,"15":2,"16":2,"17":2,"18":2,"19":1,"20":1,"21":2,"22":2,"23":2,"24":1,"25":1,"26":1,"27":1,"28":1,"29":1,"30":1,"31":1,"32":1,"33":1,"34":1,"35":1,"36":1,"37":1,"38":1,"39":2,"40":2,"41":1,"42":2,"43":2,"44":1,"45":2,"46":2,"47":1,"48":2,"49":2,"50":1,"51":1,"52":1,"53":1,"54":1},"b":{"1":[2,1,1,1],"2":[1,1,1,1],"3":[1,1],"4":[1,1],"5":[1,1],"6":[1,1],"7":[1,1],"8":[1,1],"9":[1,1],"10":[1,1,1],"11":[1,1],"12":[1,1],"13":[1,1],"14":[1,1],"15":[1,1],"16":[1,1],"17":[1,1]},"f":{"1":2,"2":2,"3":2,"4":2,"5":2,"6":1,"7":1,"8":1,"9":2,"10":2,"11":2,"12":2,"13":1},"fnMap":{"1":{"name":"(anonymous_1)","line":12,"loc":{"start":{"line":12,"column":1},"end":{"line":12,"column":13}}},"2":{"name":"(anonymous_2)","line":19,"loc":{"start":{"line":19,"column":5},"end":{"line":19,"column":17}}},"3":{"name":"(anonymous_3)","line":23,"loc":{"start":{"line":23,"column":24},"end":{"line":23,"column":36}}},"4":{"name":"(anonymous_4)","line":61,"loc":{"start":{"line":61,"column":5},"end":{"line":61,"column":17}}},"5":{"name":"(anonymous_5)","line":82,"loc":{"start":{"line":82,"column":5},"end":{"line":82,"column":17}}},"6":{"name":"(anonymous_6)","line":91,"loc":{"start":{"line":91,"column":77},"end":{"line":94,"column":10}}},"7":{"name":"(anonymous_7)","line":112,"loc":{"start":{"line":112,"column":83},"end":{"line":115,"column":10}},"skip":true},"8":{"name":"(anonymous_8)","line":123,"loc":{"start":{"line":123,"column":77},"end":{"line":126,"column":10}},"skip":true},"9":{"name":"(anonymous_9)","line":139,"loc":{"start":{"line":139,"column":12},"end":{"line":139,"column":40}},"skip":true},"10":{"name":"(anonymous_10)","line":147,"loc":{"start":{"line":147,"column":77},"end":{"line":150,"column":10}},"skip":true},"11":{"name":"(anonymous_11)","line":158,"loc":{"start":{"line":158,"column":83},"end":{"line":161,"column":10}},"skip":true},"12":{"name":"(anonymous_12)","line":169,"loc":{"start":{"line":169,"column":79},"end":{"line":172,"column":10}},"skip":true},"13":{"name":"(anonymous_13)","line":180,"loc":{"start":{"line":180,"column":75},"end":{"line":183,"column":10}},"skip":true}},"statementMap":{"1":{"start":{"line":12,"column":0},"end":{"line":195,"column":5}},"2":{"start":{"line":14,"column":4},"end":{"line":14,"column":14}},"3":{"start":{"line":19,"column":4},"end":{"line":56,"column":9}},"4":{"start":{"line":21,"column":8},"end":{"line":21,"column":19}},"5":{"start":{"line":23,"column":8},"end":{"line":35,"column":13}},"6":{"start":{"line":24,"column":12},"end":{"line":34,"column":13}},"7":{"start":{"line":25,"column":16},"end":{"line":28,"column":30}},"8":{"start":{"line":30,"column":16},"end":{"line":33,"column":27}},"9":{"start":{"line":37,"column":8},"end":{"line":39,"column":21}},"10":{"start":{"line":40,"column":8},"end":{"line":53,"column":9}},"11":{"start":{"line":43,"column":12},"end":{"line":46,"column":14}},"12":{"start":{"line":47,"column":12},"end":{"line":47,"column":18}},"13":{"start":{"line":50,"column":12},"end":{"line":51,"column":33}},"14":{"start":{"line":52,"column":12},"end":{"line":52,"column":18}},"15":{"start":{"line":55,"column":8},"end":{"line":55,"column":35}},"16":{"start":{"line":61,"column":4},"end":{"line":63,"column":9}},"17":{"start":{"line":62,"column":8},"end":{"line":62,"column":15}},"18":{"start":{"line":64,"column":4},"end":{"line":77,"column":5}},"19":{"start":{"line":70,"column":8},"end":{"line":70,"column":14}},"20":{"start":{"line":76,"column":8},"end":{"line":76,"column":14}},"21":{"start":{"line":82,"column":4},"end":{"line":84,"column":9}},"22":{"start":{"line":83,"column":8},"end":{"line":83,"column":15}},"23":{"start":{"line":85,"column":4},"end":{"line":194,"column":5}},"24":{"start":{"line":91,"column":8},"end":{"line":99,"column":10}},"25":{"start":{"line":98,"column":12},"end":{"line":98,"column":35}},"26":{"start":{"line":102,"column":8},"end":{"line":104,"column":63}},"27":{"start":{"line":105,"column":8},"end":{"line":105,"column":14}},"28":{"start":{"line":112,"column":8},"end":{"line":121,"column":10},"skip":true},"29":{"start":{"line":119,"column":12},"end":{"line":119,"column":55},"skip":true},"30":{"start":{"line":120,"column":12},"end":{"line":120,"column":48},"skip":true},"31":{"start":{"line":123,"column":8},"end":{"line":136,"column":10},"skip":true},"32":{"start":{"line":130,"column":12},"end":{"line":130,"column":76},"skip":true},"33":{"start":{"line":131,"column":12},"end":{"line":131,"column":73},"skip":true},"34":{"start":{"line":132,"column":12},"end":{"line":132,"column":74},"skip":true},"35":{"start":{"line":133,"column":12},"end":{"line":133,"column":79},"skip":true},"36":{"start":{"line":134,"column":12},"end":{"line":134,"column":25},"skip":true},"37":{"start":{"line":135,"column":12},"end":{"line":135,"column":45},"skip":true},"38":{"start":{"line":138,"column":8},"end":{"line":145,"column":14},"skip":true},"39":{"start":{"line":143,"column":16},"end":{"line":143,"column":29},"skip":true},"40":{"start":{"line":144,"column":16},"end":{"line":144,"column":55},"skip":true},"41":{"start":{"line":147,"column":8},"end":{"line":156,"column":10},"skip":true},"42":{"start":{"line":154,"column":12},"end":{"line":154,"column":25},"skip":true},"43":{"start":{"line":155,"column":12},"end":{"line":155,"column":45},"skip":true},"44":{"start":{"line":158,"column":8},"end":{"line":167,"column":10},"skip":true},"45":{"start":{"line":165,"column":12},"end":{"line":165,"column":25},"skip":true},"46":{"start":{"line":166,"column":12},"end":{"line":166,"column":48},"skip":true},"47":{"start":{"line":169,"column":8},"end":{"line":178,"column":10},"skip":true},"48":{"start":{"line":176,"column":12},"end":{"line":176,"column":25},"skip":true},"49":{"start":{"line":177,"column":12},"end":{"line":177,"column":46},"skip":true},"50":{"start":{"line":180,"column":8},"end":{"line":189,"column":10},"skip":true},"51":{"start":{"line":187,"column":12},"end":{"line":187,"column":94},"skip":true},"52":{"start":{"line":188,"column":12},"end":{"line":188,"column":48},"skip":true},"53":{"start":{"line":192,"column":8},"end":{"line":192,"column":35},"skip":true},"54":{"start":{"line":193,"column":8},"end":{"line":193,"column":14},"skip":true}},"branchMap":{"1":{"line":25,"type":"binary-expr","locations":[{"start":{"line":25,"column":23},"end":{"line":25,"column":62}},{"start":{"line":26,"column":20},"end":{"line":26,"column":70}},{"start":{"line":27,"column":20},"end":{"line":27,"column":71}},{"start":{"line":28,"column":20},"end":{"line":28,"column":29}}]},"2":{"line":30,"type":"binary-expr","locations":[{"start":{"line":30,"column":23},"end":{"line":30,"column":37}},{"start":{"line":31,"column":20},"end":{"line":31,"column":61}},{"start":{"line":32,"column":20},"end":{"line":32,"column":70}},{"start":{"line":33,"column":20},"end":{"line":33,"column":26}}]},"3":{"line":37,"type":"cond-expr","locations":[{"start":{"line":38,"column":14},"end":{"line":38,"column":20}},{"start":{"line":39,"column":14},"end":{"line":39,"column":20}}]},"4":{"line":40,"type":"switch","locations":[{"start":{"line":42,"column":8},"end":{"line":47,"column":18}},{"start":{"line":49,"column":8},"end":{"line":52,"column":18}}]},"5":{"line":44,"type":"binary-expr","locations":[{"start":{"line":44,"column":16},"end":{"line":44,"column":44}},{"start":{"line":44,"column":48},"end":{"line":44,"column":66}}]},"6":{"line":50,"type":"binary-expr","locations":[{"start":{"line":50,"column":21},"end":{"line":50,"column":49}},{"start":{"line":50,"column":53},"end":{"line":50,"column":72}}]},"7":{"line":64,"type":"switch","locations":[{"start":{"line":69,"column":4},"end":{"line":70,"column":14}},{"start":{"line":75,"column":4},"end":{"line":76,"column":14}}]},"8":{"line":85,"type":"switch","locations":[{"start":{"line":90,"column":4},"end":{"line":105,"column":14}},{"start":{"line":111,"column":4},"end":{"line":193,"column":14},"skip":true}]},"9":{"line":91,"type":"binary-expr","locations":[{"start":{"line":91,"column":42},"end":{"line":91,"column":73}},{"start":{"line":91,"column":77},"end":{"line":99,"column":9}}]},"10":{"line":102,"type":"binary-expr","locations":[{"start":{"line":102,"column":18},"end":{"line":102,"column":32}},{"start":{"line":103,"column":12},"end":{"line":103,"column":53}},{"start":{"line":104,"column":12},"end":{"line":104,"column":61}}]},"11":{"line":112,"type":"binary-expr","locations":[{"start":{"line":112,"column":45},"end":{"line":112,"column":79},"skip":true},{"start":{"line":112,"column":83},"end":{"line":121,"column":9},"skip":true}]},"12":{"line":123,"type":"binary-expr","locations":[{"start":{"line":123,"column":42},"end":{"line":123,"column":73},"skip":true},{"start":{"line":123,"column":77},"end":{"line":136,"column":9},"skip":true}]},"13":{"line":138,"type":"binary-expr","locations":[{"start":{"line":138,"column":48},"end":{"line":138,"column":85},"skip":true},{"start":{"line":139,"column":12},"end":{"line":145,"column":13},"skip":true}]},"14":{"line":147,"type":"binary-expr","locations":[{"start":{"line":147,"column":42},"end":{"line":147,"column":73},"skip":true},{"start":{"line":147,"column":77},"end":{"line":156,"column":9},"skip":true}]},"15":{"line":158,"type":"binary-expr","locations":[{"start":{"line":158,"column":45},"end":{"line":158,"column":79},"skip":true},{"start":{"line":158,"column":83},"end":{"line":167,"column":9},"skip":true}]},"16":{"line":169,"type":"binary-expr","locations":[{"start":{"line":169,"column":43},"end":{"line":169,"column":75},"skip":true},{"start":{"line":169,"column":79},"end":{"line":178,"column":9},"skip":true}]},"17":{"line":180,"type":"binary-expr","locations":[{"start":{"line":180,"column":41},"end":{"line":180,"column":71},"skip":true},{"start":{"line":180,"column":75},"end":{"line":189,"column":9},"skip":true}]}},"code":["/* istanbul instrument in package npmtest_greenkeeper */","/*jslint","    bitwise: true,","    browser: true,","    maxerr: 8,","    maxlen: 96,","    node: true,","    nomen: true,","    regexp: true,","    stupid: true","*/","(function () {","    'use strict';","    var local;","","","","    // run shared js-env code - pre-init","    (function () {","        // init local","        local = {};","        // init modeJs","        local.modeJs = (function () {","            try {","                return typeof navigator.userAgent === 'string' &&","                    typeof document.querySelector('body') === 'object' &&","                    typeof XMLHttpRequest.prototype.open === 'function' &&","                    'browser';","            } catch (errorCaughtBrowser) {","                return module.exports &&","                    typeof process.versions.node === 'string' &&","                    typeof require('http').createServer === 'function' &&","                    'node';","            }","        }());","        // init global","        local.global = local.modeJs === 'browser'","            ? window","            : global;","        switch (local.modeJs) {","        // re-init local from window.local","        case 'browser':","            local = local.global.utility2.objectSetDefault(","                local.global.utility2_rollup || local.global.local,","                local.global.utility2","            );","            break;","        // re-init local from example.js","        case 'node':","            local = (local.global.utility2_rollup || require('utility2'))","                .requireReadme();","            break;","        }","        // export local","        local.global.local = local;","    }());","","","","    // run shared js-env code - function","    (function () {","        return;","    }());","    switch (local.modeJs) {","","","","    // run browser js-env code - function","    case 'browser':","        break;","","","","    // run node js-env code - function","    case 'node':","        break;","    }","","","","    // run shared js-env code - post-init","    (function () {","        return;","    }());","    switch (local.modeJs) {","","","","    // run browser js-env code - post-init","    case 'browser':","        local.testCase_browser_nullCase = local.testCase_browser_nullCase || function (","            options,","            onError","        ) {","        /*","         * this function will test browsers's null-case handling-behavior-behavior","         */","            onError(null, options);","        };","","        // run tests","        local.nop(local.modeTest &&","            document.querySelector('#testRunButton1') &&","            document.querySelector('#testRunButton1').click());","        break;","","","","    // run node js-env code - post-init","    /* istanbul ignore next */","    case 'node':","        local.testCase_buildApidoc_default = local.testCase_buildApidoc_default || function (","            options,","            onError","        ) {","        /*","         * this function will test buildApidoc's default handling-behavior-behavior","         */","            options = { modulePathList: module.paths };","            local.buildApidoc(options, onError);","        };","","        local.testCase_buildApp_default = local.testCase_buildApp_default || function (","            options,","            onError","        ) {","        /*","         * this function will test buildApp's default handling-behavior-behavior","         */","            local.testCase_buildReadme_default(options, local.onErrorThrow);","            local.testCase_buildLib_default(options, local.onErrorThrow);","            local.testCase_buildTest_default(options, local.onErrorThrow);","            local.testCase_buildCustomOrg_default(options, local.onErrorThrow);","            options = [];","            local.buildApp(options, onError);","        };","","        local.testCase_buildCustomOrg_default = local.testCase_buildCustomOrg_default ||","            function (options, onError) {","            /*","             * this function will test buildCustomOrg's default handling-behavior","             */","                options = {};","                local.buildCustomOrg(options, onError);","            };","","        local.testCase_buildLib_default = local.testCase_buildLib_default || function (","            options,","            onError","        ) {","        /*","         * this function will test buildLib's default handling-behavior","         */","            options = {};","            local.buildLib(options, onError);","        };","","        local.testCase_buildReadme_default = local.testCase_buildReadme_default || function (","            options,","            onError","        ) {","        /*","         * this function will test buildReadme's default handling-behavior-behavior","         */","            options = {};","            local.buildReadme(options, onError);","        };","","        local.testCase_buildTest_default = local.testCase_buildTest_default || function (","            options,","            onError","        ) {","        /*","         * this function will test buildTest's default handling-behavior","         */","            options = {};","            local.buildTest(options, onError);","        };","","        local.testCase_webpage_default = local.testCase_webpage_default || function (","            options,","            onError","        ) {","        /*","         * this function will test webpage's default handling-behavior","         */","            options = { modeCoverageMerge: true, url: local.serverLocalHost + '?modeTest=1' };","            local.browserTest(options, onError);","        };","","        // run test-server","        local.testRunServer(local);","        break;","    }","}());",""],"l":{"12":2,"14":2,"19":2,"21":2,"23":2,"24":2,"25":2,"30":1,"37":2,"40":2,"43":1,"47":1,"50":1,"52":1,"55":2,"61":2,"62":2,"64":2,"70":1,"76":1,"82":2,"83":2,"85":2,"91":1,"98":1,"102":1,"105":1,"112":1,"119":1,"120":1,"123":1,"130":1,"131":1,"132":1,"133":1,"134":1,"135":1,"138":1,"143":2,"144":2,"147":1,"154":2,"155":2,"158":1,"165":2,"166":2,"169":1,"176":2,"177":2,"180":1,"187":1,"188":1,"192":1,"193":1}},"/home/travis/build/npmtest/node-npmtest-greenkeeper/lib.npmtest_greenkeeper.js":{"path":"/home/travis/build/npmtest/node-npmtest-greenkeeper/lib.npmtest_greenkeeper.js","s":{"1":2,"2":2,"3":2,"4":2,"5":2,"6":2,"7":2,"8":1,"9":2,"10":2,"11":2,"12":2,"13":1,"14":1,"15":1,"16":1},"b":{"1":[2,1,1,1],"2":[1,1,1,1],"3":[1,1],"4":[2,2],"5":[1,1]},"f":{"1":2,"2":2,"3":2},"fnMap":{"1":{"name":"(anonymous_1)","line":12,"loc":{"start":{"line":12,"column":1},"end":{"line":12,"column":13}}},"2":{"name":"(anonymous_2)","line":19,"loc":{"start":{"line":19,"column":5},"end":{"line":19,"column":17}}},"3":{"name":"(anonymous_3)","line":23,"loc":{"start":{"line":23,"column":24},"end":{"line":23,"column":36}}}},"statementMap":{"1":{"start":{"line":12,"column":0},"end":{"line":53,"column":5}},"2":{"start":{"line":14,"column":4},"end":{"line":14,"column":14}},"3":{"start":{"line":19,"column":4},"end":{"line":52,"column":9}},"4":{"start":{"line":21,"column":8},"end":{"line":21,"column":19}},"5":{"start":{"line":23,"column":8},"end":{"line":35,"column":13}},"6":{"start":{"line":24,"column":12},"end":{"line":34,"column":13}},"7":{"start":{"line":25,"column":16},"end":{"line":28,"column":30}},"8":{"start":{"line":30,"column":16},"end":{"line":33,"column":27}},"9":{"start":{"line":37,"column":8},"end":{"line":39,"column":21}},"10":{"start":{"line":41,"column":8},"end":{"line":41,"column":54}},"11":{"start":{"line":43,"column":8},"end":{"line":43,"column":56}},"12":{"start":{"line":45,"column":8},"end":{"line":51,"column":9}},"13":{"start":{"line":46,"column":12},"end":{"line":46,"column":62}},"14":{"start":{"line":48,"column":12},"end":{"line":48,"column":35}},"15":{"start":{"line":49,"column":12},"end":{"line":49,"column":49}},"16":{"start":{"line":50,"column":12},"end":{"line":50,"column":43}}},"branchMap":{"1":{"line":25,"type":"binary-expr","locations":[{"start":{"line":25,"column":23},"end":{"line":25,"column":62}},{"start":{"line":26,"column":20},"end":{"line":26,"column":70}},{"start":{"line":27,"column":20},"end":{"line":27,"column":71}},{"start":{"line":28,"column":20},"end":{"line":28,"column":29}}]},"2":{"line":30,"type":"binary-expr","locations":[{"start":{"line":30,"column":23},"end":{"line":30,"column":37}},{"start":{"line":31,"column":20},"end":{"line":31,"column":61}},{"start":{"line":32,"column":20},"end":{"line":32,"column":70}},{"start":{"line":33,"column":20},"end":{"line":33,"column":26}}]},"3":{"line":37,"type":"cond-expr","locations":[{"start":{"line":38,"column":14},"end":{"line":38,"column":20}},{"start":{"line":39,"column":14},"end":{"line":39,"column":20}}]},"4":{"line":41,"type":"binary-expr","locations":[{"start":{"line":41,"column":16},"end":{"line":41,"column":44}},{"start":{"line":41,"column":48},"end":{"line":41,"column":53}}]},"5":{"line":45,"type":"if","locations":[{"start":{"line":45,"column":8},"end":{"line":45,"column":8}},{"start":{"line":45,"column":8},"end":{"line":45,"column":8}}]}},"code":["/* istanbul instrument in package npmtest_greenkeeper */","/*jslint","    bitwise: true,","    browser: true,","    maxerr: 8,","    maxlen: 96,","    node: true,","    nomen: true,","    regexp: true,","    stupid: true","*/","(function () {","    'use strict';","    var local;","","","","    // run shared js-env code - pre-init","    (function () {","        // init local","        local = {};","        // init modeJs","        local.modeJs = (function () {","            try {","                return typeof navigator.userAgent === 'string' &&","                    typeof document.querySelector('body') === 'object' &&","                    typeof XMLHttpRequest.prototype.open === 'function' &&","                    'browser';","            } catch (errorCaughtBrowser) {","                return module.exports &&","                    typeof process.versions.node === 'string' &&","                    typeof require('http').createServer === 'function' &&","                    'node';","            }","        }());","        // init global","        local.global = local.modeJs === 'browser'","            ? window","            : global;","        // init utility2_rollup","        local = local.global.utility2_rollup || local;","        // init lib","        local.local = local.npmtest_greenkeeper = local;","        // init exports","        if (local.modeJs === 'browser') {","            local.global.utility2_npmtest_greenkeeper = local;","        } else {","            module.exports = local;","            module.exports.__dirname = __dirname;","            module.exports.module = module;","        }","    }());","}());",""],"l":{"12":2,"14":2,"19":2,"21":2,"23":2,"24":2,"25":2,"30":1,"37":2,"41":2,"43":2,"45":2,"46":1,"48":1,"49":1,"50":1}},"/home/travis/build/npmtest/node-npmtest-greenkeeper/example.js":{"path":"/home/travis/build/npmtest/node-npmtest-greenkeeper/example.js","s":{"1":2,"2":2,"3":2,"4":2,"5":2,"6":2,"7":2,"8":1,"9":2,"10":2,"11":2,"12":2,"13":1,"14":2,"15":2,"16":2,"17":2,"18":2,"19":0,"20":2,"21":1,"22":1,"23":1,"24":1,"25":1,"26":0,"27":0,"28":1,"29":1,"30":2,"31":0,"32":0,"33":0,"34":1,"35":2,"36":2,"37":3,"38":3,"39":3,"40":3,"41":0,"42":3,"43":3,"44":3,"45":1,"46":3,"47":1,"48":1,"49":1,"50":1,"51":1,"52":1,"53":1,"54":1,"55":1,"56":1,"57":0,"58":1,"59":6,"60":6,"61":1,"62":2,"63":0,"64":2,"65":1,"66":1,"67":0,"68":0,"69":0,"70":0,"71":0,"72":0,"73":0,"74":0,"75":0,"76":0,"77":0,"78":0,"79":0,"80":0,"81":0,"82":0,"83":0},"b":{"1":[2,1,1,1],"2":[1,1,1,1],"3":[1,1],"4":[2,2],"5":[1,1],"6":[1,1],"7":[2,0],"8":[2,1,1,1,1,1],"9":[0,2,0],"10":[1,1],"11":[2,1,1],"12":[1,0],"13":[0,2],"14":[2,0,0,0,0,0,0],"15":[0,3],"16":[3,0],"17":[1,1],"18":[0,1],"19":[1,2,0,2],"20":[1,0],"21":[1,1],"22":[0,0],"23":[0,0],"24":[0,0],"25":[0,0],"26":[0,0],"27":[0,0],"28":[0,0]},"f":{"1":2,"2":2,"3":2,"4":2,"5":2,"6":2,"7":3,"8":3,"9":3,"10":1,"11":6,"12":0},"fnMap":{"1":{"name":"(anonymous_1)","line":26,"loc":{"start":{"line":26,"column":1},"end":{"line":26,"column":13}}},"2":{"name":"(anonymous_2)","line":33,"loc":{"start":{"line":33,"column":5},"end":{"line":33,"column":17}}},"3":{"name":"(anonymous_3)","line":37,"loc":{"start":{"line":37,"column":24},"end":{"line":37,"column":36}}},"4":{"name":"(anonymous_4)","line":69,"loc":{"start":{"line":69,"column":31},"end":{"line":69,"column":48}},"skip":true},"5":{"name":"(anonymous_5)","line":78,"loc":{"start":{"line":78,"column":26},"end":{"line":78,"column":45}},"skip":true},"6":{"name":"(anonymous_6)","line":123,"loc":{"start":{"line":123,"column":33},"end":{"line":123,"column":48}},"skip":true},"7":{"name":"(anonymous_7)","line":125,"loc":{"start":{"line":125,"column":27},"end":{"line":125,"column":39}},"skip":true},"8":{"name":"(anonymous_8)","line":133,"loc":{"start":{"line":133,"column":59},"end":{"line":133,"column":74}},"skip":true},"9":{"name":"(anonymous_9)","line":143,"loc":{"start":{"line":143,"column":45},"end":{"line":143,"column":62}},"skip":true},"10":{"name":"(anonymous_10)","line":144,"loc":{"start":{"line":144,"column":73},"end":{"line":144,"column":92}},"skip":true},"11":{"name":"(anonymous_11)","line":272,"loc":{"start":{"line":272,"column":51},"end":{"line":272,"column":77}},"skip":true},"12":{"name":"(anonymous_12)","line":315,"loc":{"start":{"line":315,"column":32},"end":{"line":315,"column":61}},"skip":true}},"statementMap":{"1":{"start":{"line":26,"column":0},"end":{"line":326,"column":5}},"2":{"start":{"line":28,"column":4},"end":{"line":28,"column":14}},"3":{"start":{"line":33,"column":4},"end":{"line":60,"column":9}},"4":{"start":{"line":35,"column":8},"end":{"line":35,"column":19}},"5":{"start":{"line":37,"column":8},"end":{"line":49,"column":13}},"6":{"start":{"line":38,"column":12},"end":{"line":48,"column":13}},"7":{"start":{"line":39,"column":16},"end":{"line":42,"column":30}},"8":{"start":{"line":44,"column":16},"end":{"line":47,"column":27}},"9":{"start":{"line":51,"column":8},"end":{"line":53,"column":21}},"10":{"start":{"line":55,"column":8},"end":{"line":57,"column":45}},"11":{"start":{"line":59,"column":8},"end":{"line":59,"column":35}},"12":{"start":{"line":61,"column":4},"end":{"line":325,"column":5}},"13":{"start":{"line":69,"column":8},"end":{"line":121,"column":10},"skip":true},"14":{"start":{"line":70,"column":12},"end":{"line":88,"column":13},"skip":true},"15":{"start":{"line":76,"column":16},"end":{"line":87,"column":19},"skip":true},"16":{"start":{"line":79,"column":20},"end":{"line":86,"column":21},"skip":true},"17":{"start":{"line":82,"column":24},"end":{"line":82,"column":43},"skip":true},"18":{"start":{"line":83,"column":24},"end":{"line":83,"column":30},"skip":true},"19":{"start":{"line":85,"column":24},"end":{"line":85,"column":49},"skip":true},"20":{"start":{"line":89,"column":12},"end":{"line":107,"column":13},"skip":true},"21":{"start":{"line":92,"column":16},"end":{"line":102,"column":17},"skip":true},"22":{"start":{"line":93,"column":20},"end":{"line":93,"column":86},"skip":true},"23":{"start":{"line":94,"column":20},"end":{"line":95,"column":45},"skip":true},"24":{"start":{"line":96,"column":20},"end":{"line":96,"column":42},"skip":true},"25":{"start":{"line":97,"column":20},"end":{"line":97,"column":48},"skip":true},"26":{"start":{"line":100,"column":20},"end":{"line":100,"column":85},"skip":true},"27":{"start":{"line":101,"column":20},"end":{"line":101,"column":96},"skip":true},"28":{"start":{"line":103,"column":16},"end":{"line":103,"column":22},"skip":true},"29":{"start":{"line":106,"column":16},"end":{"line":106,"column":22},"skip":true},"30":{"start":{"line":108,"column":12},"end":{"line":120,"column":13},"skip":true},"31":{"start":{"line":114,"column":16},"end":{"line":119,"column":17},"skip":true},"32":{"start":{"line":116,"column":20},"end":{"line":116,"column":78},"skip":true},"33":{"start":{"line":118,"column":20},"end":{"line":118,"column":47},"skip":true},"34":{"start":{"line":123,"column":8},"end":{"line":141,"column":11},"skip":true},"35":{"start":{"line":124,"column":12},"end":{"line":124,"column":54},"skip":true},"36":{"start":{"line":125,"column":12},"end":{"line":140,"column":14},"skip":true},"37":{"start":{"line":126,"column":16},"end":{"line":126,"column":28},"skip":true},"38":{"start":{"line":127,"column":16},"end":{"line":127,"column":69},"skip":true},"39":{"start":{"line":128,"column":16},"end":{"line":128,"column":75},"skip":true},"40":{"start":{"line":129,"column":16},"end":{"line":131,"column":17},"skip":true},"41":{"start":{"line":130,"column":20},"end":{"line":130,"column":27},"skip":true},"42":{"start":{"line":133,"column":16},"end":{"line":137,"column":36},"skip":true},"43":{"start":{"line":134,"column":20},"end":{"line":136,"column":55},"skip":true},"44":{"start":{"line":139,"column":16},"end":{"line":139,"column":57},"skip":true},"45":{"start":{"line":143,"column":8},"end":{"line":147,"column":11},"skip":true},"46":{"start":{"line":144,"column":12},"end":{"line":146,"column":15},"skip":true},"47":{"start":{"line":145,"column":16},"end":{"line":145,"column":70},"skip":true},"48":{"start":{"line":149,"column":8},"end":{"line":149,"column":31},"skip":true},"49":{"start":{"line":150,"column":8},"end":{"line":150,"column":14},"skip":true},"50":{"start":{"line":158,"column":8},"end":{"line":158,"column":31},"skip":true},"51":{"start":{"line":160,"column":8},"end":{"line":160,"column":33},"skip":true},"52":{"start":{"line":161,"column":8},"end":{"line":161,"column":37},"skip":true},"53":{"start":{"line":162,"column":8},"end":{"line":162,"column":35},"skip":true},"54":{"start":{"line":164,"column":8},"end":{"line":164,"column":50},"skip":true},"55":{"start":{"line":166,"column":8},"end":{"line":256,"column":2},"skip":true},"56":{"start":{"line":258,"column":8},"end":{"line":286,"column":9},"skip":true},"57":{"start":{"line":259,"column":12},"end":{"line":269,"column":14},"skip":true},"58":{"start":{"line":271,"column":12},"end":{"line":285,"column":19},"skip":true},"59":{"start":{"line":274,"column":20},"end":{"line":274,"column":35},"skip":true},"60":{"start":{"line":275,"column":20},"end":{"line":284,"column":21},"skip":true},"61":{"start":{"line":277,"column":24},"end":{"line":277,"column":64},"skip":true},"62":{"start":{"line":279,"column":24},"end":{"line":279,"column":40},"skip":true},"63":{"start":{"line":281,"column":24},"end":{"line":281,"column":40},"skip":true},"64":{"start":{"line":283,"column":24},"end":{"line":283,"column":39},"skip":true},"65":{"start":{"line":288,"column":8},"end":{"line":290,"column":9},"skip":true},"66":{"start":{"line":289,"column":12},"end":{"line":289,"column":18},"skip":true},"67":{"start":{"line":291,"column":8},"end":{"line":293,"column":54},"skip":true},"68":{"start":{"line":296,"column":8},"end":{"line":301,"column":37},"skip":true},"69":{"start":{"line":303,"column":8},"end":{"line":303,"column":82},"skip":true},"70":{"start":{"line":306,"column":8},"end":{"line":308,"column":9},"skip":true},"71":{"start":{"line":307,"column":12},"end":{"line":307,"column":82},"skip":true},"72":{"start":{"line":310,"column":8},"end":{"line":312,"column":9},"skip":true},"73":{"start":{"line":311,"column":12},"end":{"line":311,"column":18},"skip":true},"74":{"start":{"line":313,"column":8},"end":{"line":313,"column":54},"skip":true},"75":{"start":{"line":314,"column":8},"end":{"line":314,"column":69},"skip":true},"76":{"start":{"line":315,"column":8},"end":{"line":323,"column":36},"skip":true},"77":{"start":{"line":316,"column":12},"end":{"line":316,"column":61},"skip":true},"78":{"start":{"line":317,"column":12},"end":{"line":320,"column":13},"skip":true},"79":{"start":{"line":318,"column":16},"end":{"line":318,"column":75},"skip":true},"80":{"start":{"line":319,"column":16},"end":{"line":319,"column":23},"skip":true},"81":{"start":{"line":321,"column":12},"end":{"line":321,"column":38},"skip":true},"82":{"start":{"line":322,"column":12},"end":{"line":322,"column":27},"skip":true},"83":{"start":{"line":324,"column":8},"end":{"line":324,"column":14},"skip":true}},"branchMap":{"1":{"line":39,"type":"binary-expr","locations":[{"start":{"line":39,"column":23},"end":{"line":39,"column":62}},{"start":{"line":40,"column":20},"end":{"line":40,"column":70}},{"start":{"line":41,"column":20},"end":{"line":41,"column":71}},{"start":{"line":42,"column":20},"end":{"line":42,"column":29}}]},"2":{"line":44,"type":"binary-expr","locations":[{"start":{"line":44,"column":23},"end":{"line":44,"column":37}},{"start":{"line":45,"column":20},"end":{"line":45,"column":61}},{"start":{"line":46,"column":20},"end":{"line":46,"column":70}},{"start":{"line":47,"column":20},"end":{"line":47,"column":26}}]},"3":{"line":51,"type":"cond-expr","locations":[{"start":{"line":52,"column":14},"end":{"line":52,"column":20}},{"start":{"line":53,"column":14},"end":{"line":53,"column":20}}]},"4":{"line":55,"type":"binary-expr","locations":[{"start":{"line":55,"column":16},"end":{"line":55,"column":44}},{"start":{"line":55,"column":49},"end":{"line":57,"column":43}}]},"5":{"line":55,"type":"cond-expr","locations":[{"start":{"line":56,"column":14},"end":{"line":56,"column":55}},{"start":{"line":57,"column":14},"end":{"line":57,"column":43}}]},"6":{"line":61,"type":"switch","locations":[{"start":{"line":68,"column":4},"end":{"line":150,"column":14},"skip":true},{"start":{"line":156,"column":4},"end":{"line":324,"column":14},"skip":true}]},"7":{"line":70,"type":"if","locations":[{"start":{"line":70,"column":12},"end":{"line":70,"column":12},"skip":true},{"start":{"line":70,"column":12},"end":{"line":70,"column":12},"skip":true}]},"8":{"line":70,"type":"binary-expr","locations":[{"start":{"line":70,"column":16},"end":{"line":70,"column":22},"skip":true},{"start":{"line":70,"column":27},"end":{"line":70,"column":32},"skip":true},{"start":{"line":71,"column":20},"end":{"line":71,"column":39},"skip":true},{"start":{"line":72,"column":20},"end":{"line":72,"column":49},"skip":true},{"start":{"line":73,"column":20},"end":{"line":73,"column":58},"skip":true},{"start":{"line":74,"column":20},"end":{"line":74,"column":69},"skip":true}]},"9":{"line":79,"type":"switch","locations":[{"start":{"line":80,"column":20},"end":{"line":80,"column":33},"skip":true},{"start":{"line":81,"column":20},"end":{"line":83,"column":30},"skip":true},{"start":{"line":84,"column":20},"end":{"line":85,"column":49},"skip":true}]},"10":{"line":89,"type":"switch","locations":[{"start":{"line":90,"column":12},"end":{"line":103,"column":22},"skip":true},{"start":{"line":105,"column":12},"end":{"line":106,"column":22},"skip":true}]},"11":{"line":89,"type":"binary-expr","locations":[{"start":{"line":89,"column":20},"end":{"line":89,"column":25},"skip":true},{"start":{"line":89,"column":29},"end":{"line":89,"column":48},"skip":true},{"start":{"line":89,"column":52},"end":{"line":89,"column":74},"skip":true}]},"12":{"line":92,"type":"if","locations":[{"start":{"line":92,"column":16},"end":{"line":92,"column":16},"skip":true},{"start":{"line":92,"column":16},"end":{"line":92,"column":16},"skip":true}]},"13":{"line":108,"type":"if","locations":[{"start":{"line":108,"column":12},"end":{"line":108,"column":12},"skip":true},{"start":{"line":108,"column":12},"end":{"line":108,"column":12},"skip":true}]},"14":{"line":108,"type":"binary-expr","locations":[{"start":{"line":108,"column":16},"end":{"line":108,"column":61},"skip":true},{"start":{"line":108,"column":66},"end":{"line":108,"column":72},"skip":true},{"start":{"line":108,"column":77},"end":{"line":108,"column":82},"skip":true},{"start":{"line":109,"column":20},"end":{"line":109,"column":39},"skip":true},{"start":{"line":110,"column":20},"end":{"line":110,"column":49},"skip":true},{"start":{"line":111,"column":20},"end":{"line":111,"column":58},"skip":true},{"start":{"line":112,"column":20},"end":{"line":112,"column":68},"skip":true}]},"15":{"line":129,"type":"if","locations":[{"start":{"line":129,"column":16},"end":{"line":129,"column":16},"skip":true},{"start":{"line":129,"column":16},"end":{"line":129,"column":16},"skip":true}]},"16":{"line":134,"type":"cond-expr","locations":[{"start":{"line":135,"column":26},"end":{"line":135,"column":29},"skip":true},{"start":{"line":136,"column":26},"end":{"line":136,"column":54},"skip":true}]},"17":{"line":164,"type":"binary-expr","locations":[{"start":{"line":164,"column":27},"end":{"line":164,"column":43},"skip":true},{"start":{"line":164,"column":47},"end":{"line":164,"column":49},"skip":true}]},"18":{"line":258,"type":"if","locations":[{"start":{"line":258,"column":8},"end":{"line":258,"column":8},"skip":true},{"start":{"line":258,"column":8},"end":{"line":258,"column":8},"skip":true}]},"19":{"line":275,"type":"switch","locations":[{"start":{"line":276,"column":20},"end":{"line":277,"column":64},"skip":true},{"start":{"line":278,"column":20},"end":{"line":279,"column":40},"skip":true},{"start":{"line":280,"column":20},"end":{"line":281,"column":40},"skip":true},{"start":{"line":282,"column":20},"end":{"line":283,"column":39},"skip":true}]},"20":{"line":288,"type":"if","locations":[{"start":{"line":288,"column":8},"end":{"line":288,"column":8},"skip":true},{"start":{"line":288,"column":8},"end":{"line":288,"column":8},"skip":true}]},"21":{"line":288,"type":"binary-expr","locations":[{"start":{"line":288,"column":12},"end":{"line":288,"column":40},"skip":true},{"start":{"line":288,"column":44},"end":{"line":288,"column":67},"skip":true}]},"22":{"line":292,"type":"binary-expr","locations":[{"start":{"line":292,"column":12},"end":{"line":292,"column":50},"skip":true},{"start":{"line":293,"column":12},"end":{"line":293,"column":53},"skip":true}]},"23":{"line":297,"type":"binary-expr","locations":[{"start":{"line":297,"column":12},"end":{"line":297,"column":69},"skip":true},{"start":{"line":298,"column":12},"end":{"line":301,"column":36},"skip":true}]},"24":{"line":303,"type":"binary-expr","locations":[{"start":{"line":303,"column":43},"end":{"line":303,"column":75},"skip":true},{"start":{"line":303,"column":79},"end":{"line":303,"column":81},"skip":true}]},"25":{"line":306,"type":"if","locations":[{"start":{"line":306,"column":8},"end":{"line":306,"column":8},"skip":true},{"start":{"line":306,"column":8},"end":{"line":306,"column":8},"skip":true}]},"26":{"line":310,"type":"if","locations":[{"start":{"line":310,"column":8},"end":{"line":310,"column":8},"skip":true},{"start":{"line":310,"column":8},"end":{"line":310,"column":8},"skip":true}]},"27":{"line":313,"type":"binary-expr","locations":[{"start":{"line":313,"column":27},"end":{"line":313,"column":43},"skip":true},{"start":{"line":313,"column":47},"end":{"line":313,"column":53},"skip":true}]},"28":{"line":317,"type":"if","locations":[{"start":{"line":317,"column":12},"end":{"line":317,"column":12},"skip":true},{"start":{"line":317,"column":12},"end":{"line":317,"column":12},"skip":true}]}},"code":["/*","example.js","","quickstart example","","instruction","    1. save this script as example.js","    2. run the shell command:","        $ npm install npmtest-greenkeeper && PORT=8081 node example.js","    3. play with the browser-demo on http://127.0.0.1:8081","*/","","","","/* istanbul instrument in package npmtest_greenkeeper */","/*jslint","    bitwise: true,","    browser: true,","    maxerr: 8,","    maxlen: 96,","    node: true,","    nomen: true,","    regexp: true,","    stupid: true","*/","(function () {","    'use strict';","    var local;","","","","    // run shared js-env code - pre-init","    (function () {","        // init local","        local = {};","        // init modeJs","        local.modeJs = (function () {","            try {","                return typeof navigator.userAgent === 'string' &&","                    typeof document.querySelector('body') === 'object' &&","                    typeof XMLHttpRequest.prototype.open === 'function' &&","                    'browser';","            } catch (errorCaughtBrowser) {","                return module.exports &&","                    typeof process.versions.node === 'string' &&","                    typeof require('http').createServer === 'function' &&","                    'node';","            }","        }());","        // init global","        local.global = local.modeJs === 'browser'","            ? window","            : global;","        // init utility2_rollup","        local = local.global.utility2_rollup || (local.modeJs === 'browser'","            ? local.global.utility2_npmtest_greenkeeper","            : global.utility2_moduleExports);","        // export local","        local.global.local = local;","    }());","    switch (local.modeJs) {","","","","    // post-init","    // run browser js-env code - post-init","    /* istanbul ignore next */","    case 'browser':","        local.testRunBrowser = function (event) {","            if (!event || (event &&","                    event.currentTarget &&","                    event.currentTarget.className &&","                    event.currentTarget.className.includes &&","                    event.currentTarget.className.includes('onreset'))) {","                // reset output","                Array.from(","                    document.querySelectorAll('body > .resettable')","                ).forEach(function (element) {","                    switch (element.tagName) {","                    case 'INPUT':","                    case 'TEXTAREA':","                        element.value = '';","                        break;","                    default:","                        element.textContent = '';","                    }","                });","            }","            switch (event && event.currentTarget && event.currentTarget.id) {","            case 'testRunButton1':","                // show tests","                if (document.querySelector('#testReportDiv1').style.display === 'none') {","                    document.querySelector('#testReportDiv1').style.display = 'block';","                    document.querySelector('#testRunButton1').textContent =","                        'hide internal test';","                    local.modeTest = true;","                    local.testRunDefault(local);","                // hide tests","                } else {","                    document.querySelector('#testReportDiv1').style.display = 'none';","                    document.querySelector('#testRunButton1').textContent = 'run internal test';","                }","                break;","            // custom-case","            default:","                break;","            }","            if (document.querySelector('#inputTextareaEval1') && (!event || (event &&","                    event.currentTarget &&","                    event.currentTarget.className &&","                    event.currentTarget.className.includes &&","                    event.currentTarget.className.includes('oneval')))) {","                // try to eval input-code","                try {","                    /*jslint evil: true*/","                    eval(document.querySelector('#inputTextareaEval1').value);","                } catch (errorCaught) {","                    console.error(errorCaught);","                }","            }","        };","        // log stderr and stdout to #outputTextareaStdout1","        ['error', 'log'].forEach(function (key) {","            console[key + '_original'] = console[key];","            console[key] = function () {","                var element;","                console[key + '_original'].apply(console, arguments);","                element = document.querySelector('#outputTextareaStdout1');","                if (!element) {","                    return;","                }","                // append text to #outputTextareaStdout1","                element.value += Array.from(arguments).map(function (arg) {","                    return typeof arg === 'string'","                        ? arg","                        : JSON.stringify(arg, null, 4);","                }).join(' ') + '\\n';","                // scroll textarea to bottom","                element.scrollTop = element.scrollHeight;","            };","        });","        // init event-handling","        ['change', 'click', 'keyup'].forEach(function (event) {","            Array.from(document.querySelectorAll('.on' + event)).forEach(function (element) {","                element.addEventListener(event, local.testRunBrowser);","            });","        });","        // run tests","        local.testRunBrowser();","        break;","","","","    // run node js-env code - post-init","    /* istanbul ignore next */","    case 'node':","        // export local","        module.exports = local;","        // require modules","        local.fs = require('fs');","        local.http = require('http');","        local.url = require('url');","        // init assets","        local.assetsDict = local.assetsDict || {};","        /* jslint-ignore-begin */","        local.assetsDict['/assets.index.template.html'] = '\\","<!doctype html>\\n\\","<html lang=\"en\">\\n\\","<head>\\n\\","<meta charset=\"UTF-8\">\\n\\","<meta name=\"viewport\" content=\"width=device-width, initial-scale=1\">\\n\\","<title>{{env.npm_package_name}} (v{{env.npm_package_version}})</title>\\n\\","<style>\\n\\","/*csslint\\n\\","    box-sizing: false,\\n\\","    universal-selector: false\\n\\","*/\\n\\","* {\\n\\","    box-sizing: border-box;\\n\\","}\\n\\","body {\\n\\","    background: #dde;\\n\\","    font-family: Arial, Helvetica, sans-serif;\\n\\","    margin: 2rem;\\n\\","}\\n\\","body > * {\\n\\","    margin-bottom: 1rem;\\n\\","}\\n\\",".utility2FooterDiv {\\n\\","    margin-top: 20px;\\n\\","    text-align: center;\\n\\","}\\n\\","</style>\\n\\","<style>\\n\\","/*csslint\\n\\","*/\\n\\","textarea {\\n\\","    font-family: monospace;\\n\\","    height: 10rem;\\n\\","    width: 100%;\\n\\","}\\n\\","textarea[readonly] {\\n\\","    background: #ddd;\\n\\","}\\n\\","</style>\\n\\","</head>\\n\\","<body>\\n\\","<!-- utility2-comment\\n\\","<div id=\"ajaxProgressDiv1\" style=\"background: #d00; height: 2px; left: 0; margin: 0; padding: 0; position: fixed; top: 0; transition: background 0.5s, width 1.5s; width: 25%;\"></div>\\n\\","utility2-comment -->\\n\\","<h1>\\n\\","<!-- utility2-comment\\n\\","    <a\\n\\","        {{#if env.npm_package_homepage}}\\n\\","        href=\"{{env.npm_package_homepage}}\"\\n\\","        {{/if env.npm_package_homepage}}\\n\\","        target=\"_blank\"\\n\\","    >\\n\\","utility2-comment -->\\n\\","        {{env.npm_package_name}} (v{{env.npm_package_version}})\\n\\","<!-- utility2-comment\\n\\","    </a>\\n\\","utility2-comment -->\\n\\","</h1>\\n\\","<h3>{{env.npm_package_description}}</h3>\\n\\","<!-- utility2-comment\\n\\","<h4><a download href=\"assets.app.js\">download standalone app</a></h4>\\n\\","<button class=\"onclick onreset\" id=\"testRunButton1\">run internal test</button><br>\\n\\","<div id=\"testReportDiv1\" style=\"display: none;\"></div>\\n\\","utility2-comment -->\\n\\","\\n\\","\\n\\","\\n\\","<label>stderr and stdout</label>\\n\\","<textarea class=\"resettable\" id=\"outputTextareaStdout1\" readonly></textarea>\\n\\","<!-- utility2-comment\\n\\","{{#if isRollup}}\\n\\","<script src=\"assets.app.js\"></script>\\n\\","{{#unless isRollup}}\\n\\","utility2-comment -->\\n\\","<script src=\"assets.utility2.rollup.js\"></script>\\n\\","<script src=\"jsonp.utility2._stateInit?callback=window.utility2._stateInit\"></script>\\n\\","<script src=\"assets.npmtest_greenkeeper.rollup.js\"></script>\\n\\","<script src=\"assets.example.js\"></script>\\n\\","<script src=\"assets.test.js\"></script>\\n\\","<!-- utility2-comment\\n\\","{{/if isRollup}}\\n\\","utility2-comment -->\\n\\","<div class=\"utility2FooterDiv\">\\n\\","    [ this app was created with\\n\\","    <a href=\"https://github.com/kaizhu256/node-utility2\" target=\"_blank\">utility2</a>\\n\\","    ]\\n\\","</div>\\n\\","</body>\\n\\","</html>\\n\\","';","        /* jslint-ignore-end */","        if (local.templateRender) {","            local.assetsDict['/'] = local.templateRender(","                local.assetsDict['/assets.index.template.html'],","                {","                    env: local.objectSetDefault(local.env, {","                        npm_package_description: 'the greatest app in the world!',","                        npm_package_name: 'my-app',","                        npm_package_nameAlias: 'my_app',","                        npm_package_version: '0.0.1'","                    })","                }","            );","        } else {","            local.assetsDict['/'] = local.assetsDict['/assets.index.template.html']","                .replace((/\\{\\{env\\.(\\w+?)\\}\\}/g), function (match0, match1) {","                    // jslint-hack","                    String(match0);","                    switch (match1) {","                    case 'npm_package_description':","                        return 'the greatest app in the world!';","                    case 'npm_package_name':","                        return 'my-app';","                    case 'npm_package_nameAlias':","                        return 'my_app';","                    case 'npm_package_version':","                        return '0.0.1';","                    }","                });","        }","        // run the cli","        if (local.global.utility2_rollup || module !== require.main) {","            break;","        }","        local.assetsDict['/assets.example.js'] =","            local.assetsDict['/assets.example.js'] ||","            local.fs.readFileSync(__filename, 'utf8');","        // bug-workaround - long $npm_package_buildCustomOrg","        /* jslint-ignore-begin */","        local.assetsDict['/assets.npmtest_greenkeeper.rollup.js'] =","            local.assetsDict['/assets.npmtest_greenkeeper.rollup.js'] ||","            local.fs.readFileSync(","                local.npmtest_greenkeeper.__dirname + '/lib.npmtest_greenkeeper.js',","                'utf8'","            ).replace((/^#!/), '//');","        /* jslint-ignore-end */","        local.assetsDict['/favicon.ico'] = local.assetsDict['/favicon.ico'] || '';","        // if $npm_config_timeout_exit exists,","        // then exit this process after $npm_config_timeout_exit ms","        if (Number(process.env.npm_config_timeout_exit)) {","            setTimeout(process.exit, Number(process.env.npm_config_timeout_exit));","        }","        // start server","        if (local.global.utility2_serverHttp1) {","            break;","        }","        process.env.PORT = process.env.PORT || '8081';","        console.error('server starting on port ' + process.env.PORT);","        local.http.createServer(function (request, response) {","            request.urlParsed = local.url.parse(request.url);","            if (local.assetsDict[request.urlParsed.pathname] !== undefined) {","                response.end(local.assetsDict[request.urlParsed.pathname]);","                return;","            }","            response.statusCode = 404;","            response.end();","        }).listen(process.env.PORT);","        break;","    }","}());",""],"l":{"26":2,"28":2,"33":2,"35":2,"37":2,"38":2,"39":2,"44":1,"51":2,"55":2,"59":2,"61":2,"69":1,"70":2,"76":2,"79":2,"82":2,"83":2,"85":1,"89":2,"92":1,"93":1,"94":1,"96":1,"97":1,"100":1,"101":1,"103":1,"106":1,"108":2,"114":1,"116":1,"118":1,"123":1,"124":2,"125":2,"126":3,"127":3,"128":3,"129":3,"130":1,"133":3,"134":3,"139":3,"143":1,"144":3,"145":1,"149":1,"150":1,"158":1,"160":1,"161":1,"162":1,"164":1,"166":1,"258":1,"259":1,"271":1,"274":6,"275":6,"277":1,"279":2,"281":1,"283":2,"288":1,"289":1,"291":1,"296":1,"303":1,"306":1,"307":1,"310":1,"311":1,"313":1,"314":1,"315":1,"316":1,"317":1,"318":1,"319":1,"321":1,"322":1,"324":1}},"/home/travis/build/npmtest/node-npmtest-greenkeeper/node_modules/greenkeeper/src/index.js":{"path":"/home/travis/build/npmtest/node-npmtest-greenkeeper/node_modules/greenkeeper/src/index.js","s":{"1":1,"2":1,"3":1,"4":1,"5":1,"6":1,"7":1,"8":1,"9":1,"10":0,"11":0,"12":1,"13":1,"14":0,"15":0,"16":0,"17":0,"18":0,"19":0,"20":0,"21":0,"22":0,"23":0,"24":0,"25":0,"26":0,"27":0,"28":0,"29":0,"30":0,"31":0,"32":0,"33":0,"34":0,"35":0,"36":0,"37":0,"38":0,"39":0,"40":0,"41":0,"42":0,"43":0,"44":0},"b":{"1":[0,1],"2":[0,0],"3":[0,0],"4":[0,0],"5":[0,0],"6":[0,0],"7":[0,0],"8":[0,0],"9":[0,0],"10":[0,0],"11":[0,0],"12":[0,0],"13":[0,0,0],"14":[0,0],"15":[0,0],"16":[0,0],"17":[0,0],"18":[0,0]},"f":{"1":0,"2":0},"fnMap":{"1":{"name":"greenkeeper","line":21,"loc":{"start":{"line":21,"column":0},"end":{"line":21,"column":24}}},"2":{"name":"(anonymous_2)","line":58,"loc":{"start":{"line":58,"column":21},"end":{"line":58,"column":37}}}},"statementMap":{"1":{"start":{"line":3,"column":0},"end":{"line":3,"column":33}},"2":{"start":{"line":4,"column":0},"end":{"line":4,"column":41}},"3":{"start":{"line":5,"column":0},"end":{"line":5,"column":27}},"4":{"start":{"line":6,"column":0},"end":{"line":6,"column":41}},"5":{"start":{"line":8,"column":0},"end":{"line":8,"column":36}},"6":{"start":{"line":9,"column":0},"end":{"line":9,"column":34}},"7":{"start":{"line":10,"column":0},"end":{"line":10,"column":36}},"8":{"start":{"line":12,"column":0},"end":{"line":12,"column":41}},"9":{"start":{"line":14,"column":0},"end":{"line":19,"column":1}},"10":{"start":{"line":15,"column":2},"end":{"line":15,"column":31}},"11":{"start":{"line":16,"column":2},"end":{"line":16,"column":15}},"12":{"start":{"line":18,"column":2},"end":{"line":18,"column":30}},"13":{"start":{"line":21,"column":0},"end":{"line":67,"column":1}},"14":{"start":{"line":22,"column":2},"end":{"line":22,"column":90}},"15":{"start":{"line":22,"column":43},"end":{"line":22,"column":90}},"16":{"start":{"line":24,"column":2},"end":{"line":24,"column":24}},"17":{"start":{"line":26,"column":2},"end":{"line":26,"column":38}},"18":{"start":{"line":27,"column":2},"end":{"line":27,"column":34}},"19":{"start":{"line":28,"column":2},"end":{"line":28,"column":81}},"20":{"start":{"line":30,"column":2},"end":{"line":30,"column":53}},"21":{"start":{"line":32,"column":2},"end":{"line":35,"column":3}},"22":{"start":{"line":33,"column":4},"end":{"line":33,"column":45}},"23":{"start":{"line":34,"column":4},"end":{"line":34,"column":19}},"24":{"start":{"line":37,"column":2},"end":{"line":37,"column":85}},"25":{"start":{"line":39,"column":2},"end":{"line":42,"column":3}},"26":{"start":{"line":40,"column":4},"end":{"line":40,"column":39}},"27":{"start":{"line":41,"column":4},"end":{"line":41,"column":19}},"28":{"start":{"line":44,"column":2},"end":{"line":44,"column":51}},"29":{"start":{"line":44,"column":19},"end":{"line":44,"column":51}},"30":{"start":{"line":46,"column":2},"end":{"line":49,"column":3}},"31":{"start":{"line":47,"column":4},"end":{"line":47,"column":67}},"32":{"start":{"line":48,"column":4},"end":{"line":48,"column":19}},"33":{"start":{"line":51,"column":2},"end":{"line":56,"column":3}},"34":{"start":{"line":52,"column":4},"end":{"line":52,"column":32}},"35":{"start":{"line":53,"column":4},"end":{"line":53,"column":32}},"36":{"start":{"line":54,"column":4},"end":{"line":54,"column":171}},"37":{"start":{"line":55,"column":4},"end":{"line":55,"column":86}},"38":{"start":{"line":58,"column":2},"end":{"line":64,"column":4}},"39":{"start":{"line":59,"column":4},"end":{"line":59,"column":26}},"40":{"start":{"line":59,"column":20},"end":{"line":59,"column":26}},"41":{"start":{"line":61,"column":4},"end":{"line":61,"column":32}},"42":{"start":{"line":62,"column":4},"end":{"line":62,"column":80}},"43":{"start":{"line":63,"column":4},"end":{"line":63,"column":113}},"44":{"start":{"line":66,"column":2},"end":{"line":66,"column":37}}},"branchMap":{"1":{"line":14,"type":"if","locations":[{"start":{"line":14,"column":0},"end":{"line":14,"column":0}},{"start":{"line":14,"column":0},"end":{"line":14,"column":0}}]},"2":{"line":22,"type":"if","locations":[{"start":{"line":22,"column":2},"end":{"line":22,"column":2}},{"start":{"line":22,"column":2},"end":{"line":22,"column":2}}]},"3":{"line":26,"type":"binary-expr","locations":[{"start":{"line":26,"column":14},"end":{"line":26,"column":28}},{"start":{"line":26,"column":32},"end":{"line":26,"column":38}}]},"4":{"line":28,"type":"cond-expr","locations":[{"start":{"line":28,"column":48},"end":{"line":28,"column":76}},{"start":{"line":28,"column":79},"end":{"line":28,"column":81}}]},"5":{"line":32,"type":"if","locations":[{"start":{"line":32,"column":2},"end":{"line":32,"column":2}},{"start":{"line":32,"column":2},"end":{"line":32,"column":2}}]},"6":{"line":33,"type":"binary-expr","locations":[{"start":{"line":33,"column":16},"end":{"line":33,"column":27}},{"start":{"line":33,"column":31},"end":{"line":33,"column":44}}]},"7":{"line":37,"type":"binary-expr","locations":[{"start":{"line":37,"column":30},"end":{"line":37,"column":63}},{"start":{"line":37,"column":67},"end":{"line":37,"column":69}}]},"8":{"line":37,"type":"binary-expr","locations":[{"start":{"line":37,"column":31},"end":{"line":37,"column":48}},{"start":{"line":37,"column":52},"end":{"line":37,"column":54}}]},"9":{"line":39,"type":"if","locations":[{"start":{"line":39,"column":2},"end":{"line":39,"column":2}},{"start":{"line":39,"column":2},"end":{"line":39,"column":2}}]},"10":{"line":39,"type":"binary-expr","locations":[{"start":{"line":39,"column":6},"end":{"line":39,"column":16}},{"start":{"line":39,"column":20},"end":{"line":39,"column":28}}]},"11":{"line":44,"type":"if","locations":[{"start":{"line":44,"column":2},"end":{"line":44,"column":2}},{"start":{"line":44,"column":2},"end":{"line":44,"column":2}}]},"12":{"line":46,"type":"if","locations":[{"start":{"line":46,"column":2},"end":{"line":46,"column":2}},{"start":{"line":46,"column":2},"end":{"line":46,"column":2}}]},"13":{"line":46,"type":"binary-expr","locations":[{"start":{"line":46,"column":6},"end":{"line":46,"column":18}},{"start":{"line":46,"column":22},"end":{"line":46,"column":42}},{"start":{"line":46,"column":46},"end":{"line":46,"column":63}}]},"14":{"line":51,"type":"if","locations":[{"start":{"line":51,"column":2},"end":{"line":51,"column":2}},{"start":{"line":51,"column":2},"end":{"line":51,"column":2}}]},"15":{"line":51,"type":"binary-expr","locations":[{"start":{"line":51,"column":6},"end":{"line":51,"column":49}},{"start":{"line":51,"column":53},"end":{"line":51,"column":94}}]},"16":{"line":51,"type":"binary-expr","locations":[{"start":{"line":51,"column":54},"end":{"line":51,"column":83}},{"start":{"line":51,"column":87},"end":{"line":51,"column":88}}]},"17":{"line":55,"type":"binary-expr","locations":[{"start":{"line":55,"column":46},"end":{"line":55,"column":75}},{"start":{"line":55,"column":79},"end":{"line":55,"column":80}}]},"18":{"line":59,"type":"if","locations":[{"start":{"line":59,"column":4},"end":{"line":59,"column":4}},{"start":{"line":59,"column":4},"end":{"line":59,"column":4}}]}},"code":["//#!/usr/bin/env node","","var emoji = require('node-emoji')","var hideSecrets = require('hide-secrets')","var log = require('npmlog')","var isURL = require('valid-url').isWebUri","","var pkg = require('../package.json')","var story = require('./lib/story')","var commands = require('./commands')","","var flags = require('@greenkeeper/flags')","","if (require.main === module) {","  require('set-blocking')(true)","  greenkeeper()","} else {","  module.exports = greenkeeper","}","","function greenkeeper () {","  if (pkg.version !== '0.0.0-placeholder') require('update-notifier')({pkg: pkg}).notify()","","  log.levels.http = 1500","","  log.level = flags.loglevel || 'info'","  log.headingStyle = {fg: 'white'}","  log.heading = process.platform === 'darwin' ? emoji.get('palm_tree') + ' ' : ''","","  log.verbose('cli', 'arguments', hideSecrets(flags))","","  if (flags.version) {","    console.log(pkg.version || 'development')","    process.exit(0)","  }","","  var command = commands.all[((flags.argv.remain || []).shift() || '').toLowerCase()]","","  if (flags.help || !command) {","    process.stdout.write(story.usage())","    process.exit(0)","  }","","  if (flags.force) log.warn('cli', 'using --force')","","  if (!flags.force && command !== 'config' && !isURL(flags.api)) {","    log.error('cli', 'API endpoint is not a valid URL.', flags.api)","    process.exit(1)","  }","","  if (flags.api === 'https://api.greenkeeper.io/' && (flags.integration_beta_banner || 0) < 10) {","    var boxen = require('boxen')","    var chalk = require('chalk')","    console.error(boxen('Check out our all new GitHub Integration: ' + chalk.yellow('https://git.io/uptodate'), {padding: 1, borderStyle: 'double', borderColor: 'green'}))","    flags._rc.set('integration_beta_banner', (flags.integration_beta_banner || 0) + 1)","  }","","  process.on('exit', function (code) {","    if (code !== 2) return","","    var chalk = require('chalk')","    log.error('unknown', 'Uhm, this was an unexpected error. Please try again.')","    log.error('unknown', 'If this keeps reappearing – please let us know ' + chalk.yellow('greenkeeper support'))","  })","","  require('./' + command)(flags, pkg)","}",""],"l":{"3":1,"4":1,"5":1,"6":1,"8":1,"9":1,"10":1,"12":1,"14":1,"15":0,"16":0,"18":1,"21":1,"22":0,"24":0,"26":0,"27":0,"28":0,"30":0,"32":0,"33":0,"34":0,"37":0,"39":0,"40":0,"41":0,"44":0,"46":0,"47":0,"48":0,"51":0,"52":0,"53":0,"54":0,"55":0,"58":0,"59":0,"61":0,"62":0,"63":0,"66":0}},"/home/travis/build/npmtest/node-npmtest-greenkeeper/node_modules/greenkeeper/src/lib/story.js":{"path":"/home/travis/build/npmtest/node-npmtest-greenkeeper/node_modules/greenkeeper/src/lib/story.js","s":{"1":1,"2":1,"3":1,"4":1,"5":1,"6":1,"7":1,"8":1,"9":0,"10":0,"11":0,"12":0,"13":0,"14":0,"15":0,"16":0,"17":0,"18":0,"19":0,"20":1,"21":0,"22":0,"23":0,"24":0,"25":0,"26":0,"27":0,"28":0,"29":0,"30":0,"31":0,"32":0,"33":0,"34":0,"35":0,"36":0,"37":1,"38":0,"39":0,"40":0,"41":0},"b":{"1":[0,1],"2":[0,0],"3":[0,0],"4":[0,0],"5":[0,0],"6":[0,0],"7":[0,0],"8":[0,0],"9":[0,0],"10":[0,0],"11":[0,0],"12":[0,0],"13":[0,0],"14":[0,0],"15":[0,0],"16":[0,0],"17":[0,0],"18":[0,0],"19":[0,0]},"f":{"1":0,"2":0,"3":0,"4":0,"5":0,"6":0,"7":0,"8":0,"9":0,"10":0,"11":0,"12":0,"13":0,"14":0,"15":0},"fnMap":{"1":{"name":"(anonymous_1)","line":13,"loc":{"start":{"line":13,"column":9},"end":{"line":13,"column":21}}},"2":{"name":"(anonymous_2)","line":17,"loc":{"start":{"line":17,"column":9},"end":{"line":17,"column":21}}},"3":{"name":"(anonymous_3)","line":24,"loc":{"start":{"line":24,"column":15},"end":{"line":24,"column":31}}},"4":{"name":"(anonymous_4)","line":28,"loc":{"start":{"line":28,"column":21},"end":{"line":28,"column":37}}},"5":{"name":"(anonymous_5)","line":31,"loc":{"start":{"line":31,"column":14},"end":{"line":31,"column":30}}},"6":{"name":"(anonymous_6)","line":38,"loc":{"start":{"line":38,"column":15},"end":{"line":38,"column":31}}},"7":{"name":"(anonymous_7)","line":42,"loc":{"start":{"line":42,"column":21},"end":{"line":42,"column":37}}},"8":{"name":"(anonymous_8)","line":45,"loc":{"start":{"line":45,"column":13},"end":{"line":45,"column":29}}},"9":{"name":"(anonymous_9)","line":48,"loc":{"start":{"line":48,"column":10},"end":{"line":48,"column":22}}},"10":{"name":"(anonymous_10)","line":55,"loc":{"start":{"line":55,"column":10},"end":{"line":55,"column":26}}},"11":{"name":"(anonymous_11)","line":82,"loc":{"start":{"line":82,"column":10},"end":{"line":82,"column":26}}},"12":{"name":"format","line":83,"loc":{"start":{"line":83,"column":6},"end":{"line":83,"column":29}}},"13":{"name":"(anonymous_13)","line":93,"loc":{"start":{"line":93,"column":16},"end":{"line":93,"column":32}}},"14":{"name":"(anonymous_14)","line":103,"loc":{"start":{"line":103,"column":15},"end":{"line":103,"column":30}}},"15":{"name":"getReadme","line":114,"loc":{"start":{"line":114,"column":0},"end":{"line":114,"column":27}}}},"statementMap":{"1":{"start":{"line":1,"column":0},"end":{"line":1,"column":22}},"2":{"start":{"line":2,"column":0},"end":{"line":2,"column":31}},"3":{"start":{"line":4,"column":0},"end":{"line":4,"column":28}},"4":{"start":{"line":5,"column":0},"end":{"line":5,"column":26}},"5":{"start":{"line":6,"column":0},"end":{"line":6,"column":33}},"6":{"start":{"line":8,"column":0},"end":{"line":8,"column":28}},"7":{"start":{"line":10,"column":0},"end":{"line":10,"column":88}},"8":{"start":{"line":12,"column":0},"end":{"line":112,"column":1}},"9":{"start":{"line":14,"column":4},"end":{"line":14,"column":37}},"10":{"start":{"line":18,"column":4},"end":{"line":18,"column":10}},"11":{"start":{"line":19,"column":4},"end":{"line":19,"column":37}},"12":{"start":{"line":25,"column":6},"end":{"line":25,"column":46}},"13":{"start":{"line":29,"column":6},"end":{"line":29,"column":132}},"14":{"start":{"line":32,"column":6},"end":{"line":32,"column":31}},"15":{"start":{"line":39,"column":6},"end":{"line":39,"column":46}},"16":{"start":{"line":43,"column":6},"end":{"line":43,"column":131}},"17":{"start":{"line":46,"column":6},"end":{"line":46,"column":30}},"18":{"start":{"line":49,"column":6},"end":{"line":49,"column":29}},"19":{"start":{"line":56,"column":6},"end":{"line":56,"column":17}},"20":{"start":{"line":83,"column":6},"end":{"line":87,"column":7}},"21":{"start":{"line":84,"column":8},"end":{"line":84,"column":51}},"22":{"start":{"line":84,"column":29},"end":{"line":84,"column":51}},"23":{"start":{"line":86,"column":8},"end":{"line":86,"column":32}},"24":{"start":{"line":89,"column":6},"end":{"line":108,"column":9}},"25":{"start":{"line":94,"column":12},"end":{"line":94,"column":48}},"26":{"start":{"line":94,"column":39},"end":{"line":94,"column":48}},"27":{"start":{"line":95,"column":12},"end":{"line":95,"column":47}},"28":{"start":{"line":95,"column":39},"end":{"line":95,"column":47}},"29":{"start":{"line":96,"column":12},"end":{"line":96,"column":97}},"30":{"start":{"line":96,"column":38},"end":{"line":96,"column":97}},"31":{"start":{"line":98,"column":12},"end":{"line":98,"column":65}},"32":{"start":{"line":98,"column":56},"end":{"line":98,"column":65}},"33":{"start":{"line":99,"column":12},"end":{"line":99,"column":64}},"34":{"start":{"line":99,"column":56},"end":{"line":99,"column":64}},"35":{"start":{"line":101,"column":12},"end":{"line":101,"column":71}},"36":{"start":{"line":104,"column":12},"end":{"line":105,"column":77}},"37":{"start":{"line":114,"column":0},"end":{"line":119,"column":1}},"38":{"start":{"line":115,"column":2},"end":{"line":115,"column":75}},"39":{"start":{"line":117,"column":2},"end":{"line":117,"column":47}},"40":{"start":{"line":117,"column":33},"end":{"line":117,"column":47}},"41":{"start":{"line":118,"column":2},"end":{"line":118,"column":50}}},"branchMap":{"1":{"line":10,"type":"cond-expr","locations":[{"start":{"line":10,"column":47},"end":{"line":10,"column":82}},{"start":{"line":10,"column":85},"end":{"line":10,"column":87}}]},"2":{"line":84,"type":"if","locations":[{"start":{"line":84,"column":8},"end":{"line":84,"column":8}},{"start":{"line":84,"column":8},"end":{"line":84,"column":8}}]},"3":{"line":90,"type":"cond-expr","locations":[{"start":{"line":90,"column":21},"end":{"line":90,"column":51}},{"start":{"line":90,"column":54},"end":{"line":90,"column":56}}]},"4":{"line":91,"type":"cond-expr","locations":[{"start":{"line":92,"column":12},"end":{"line":106,"column":23}},{"start":{"line":107,"column":12},"end":{"line":107,"column":14}}]},"5":{"line":94,"type":"if","locations":[{"start":{"line":94,"column":12},"end":{"line":94,"column":12}},{"start":{"line":94,"column":12},"end":{"line":94,"column":12}}]},"6":{"line":94,"type":"binary-expr","locations":[{"start":{"line":94,"column":16},"end":{"line":94,"column":24}},{"start":{"line":94,"column":28},"end":{"line":94,"column":37}}]},"7":{"line":95,"type":"if","locations":[{"start":{"line":95,"column":12},"end":{"line":95,"column":12}},{"start":{"line":95,"column":12},"end":{"line":95,"column":12}}]},"8":{"line":95,"type":"binary-expr","locations":[{"start":{"line":95,"column":16},"end":{"line":95,"column":25}},{"start":{"line":95,"column":29},"end":{"line":95,"column":37}}]},"9":{"line":96,"type":"if","locations":[{"start":{"line":96,"column":12},"end":{"line":96,"column":12}},{"start":{"line":96,"column":12},"end":{"line":96,"column":12}}]},"10":{"line":96,"type":"binary-expr","locations":[{"start":{"line":96,"column":16},"end":{"line":96,"column":24}},{"start":{"line":96,"column":28},"end":{"line":96,"column":36}}]},"11":{"line":96,"type":"cond-expr","locations":[{"start":{"line":96,"column":91},"end":{"line":96,"column":93}},{"start":{"line":96,"column":96},"end":{"line":96,"column":97}}]},"12":{"line":98,"type":"if","locations":[{"start":{"line":98,"column":12},"end":{"line":98,"column":12}},{"start":{"line":98,"column":12},"end":{"line":98,"column":12}}]},"13":{"line":98,"type":"binary-expr","locations":[{"start":{"line":98,"column":16},"end":{"line":98,"column":33}},{"start":{"line":98,"column":37},"end":{"line":98,"column":54}}]},"14":{"line":99,"type":"if","locations":[{"start":{"line":99,"column":12},"end":{"line":99,"column":12}},{"start":{"line":99,"column":12},"end":{"line":99,"column":12}}]},"15":{"line":99,"type":"binary-expr","locations":[{"start":{"line":99,"column":16},"end":{"line":99,"column":33}},{"start":{"line":99,"column":37},"end":{"line":99,"column":54}}]},"16":{"line":101,"type":"cond-expr","locations":[{"start":{"line":101,"column":65},"end":{"line":101,"column":67}},{"start":{"line":101,"column":70},"end":{"line":101,"column":71}}]},"17":{"line":104,"type":"cond-expr","locations":[{"start":{"line":104,"column":63},"end":{"line":105,"column":71}},{"start":{"line":105,"column":74},"end":{"line":105,"column":76}}]},"18":{"line":105,"type":"cond-expr","locations":[{"start":{"line":105,"column":28},"end":{"line":105,"column":65}},{"start":{"line":105,"column":68},"end":{"line":105,"column":70}}]},"19":{"line":117,"type":"if","locations":[{"start":{"line":117,"column":2},"end":{"line":117,"column":2}},{"start":{"line":117,"column":2},"end":{"line":117,"column":2}}]}},"code":["var fs = require('fs')","var join = require('path').join","","var chalk = require('chalk')","var md = require('cli-md')","var emoji = require('node-emoji')","","var logo = require('./logo')","","var ourmoji = (process.platform === 'darwin' ? '\\n' + emoji.get('palm_tree') + ' ' : '')","","module.exports = {","  usage: function () {","    return md(getReadme(1) + ourmoji)","  },","","  start: function () {","    logo()","    return md(getReadme(0) + ourmoji)","  },","","  disable: {","    error_login_first: 'Please log in first: ' + chalk.yellow('greenkeeper login'),","    repo_info: function (slug) {","      return 'The repository slug is: ' + slug","    },","    error_no_data: 'API error',","    error_no_change: function (slug) {","      return slug + ' is already disabled\\nIf this repository is inside an organization, somebody other than you may have done this'","    },","    disabled: function (slug) {","      return slug + ' disabled'","    }","  },","","  enable: {","    error_login_first: 'Please log in first: ' + chalk.yellow('greenkeeper login'),","    repo_info: function (slug) {","      return 'The repository slug is: ' + slug","    },","    error_no_data: 'API error',","    error_no_change: function (slug) {","      return slug + ' is already enabled\\nIf this repository is inside an organization, somebody other than you may have done this'","    },","    enabled: function (slug) {","      return slug + ' enabled'","    },","    fail: function () {","      return md(getReadme(2))","    }","  },","","  info: {","    error_login_first: 'Please log in first: ' + chalk.yellow('greenkeeper login'),","    data: function (data) {","      return data","    }","  },","","  login: {","    error_already_logged_in: 'You’re already logged in. Use --force to continue.\\nIf you’re using private repositories use both --force and --private.',","    request_failed: 'Request failed',","    login_failed: 'Login failed'","  },","","  logout: {","    error_already_logged_out: 'You’re already logged out',","    logged_out: 'Logged out' + ourmoji","  },","","  'organization-access': [","    'Opening GitHub application settings in browser',","    'Grant or revoke access to individual organizations there',","    'After granting access for a new organization run ' + chalk.yellow('greenkeeper sync')","  ],","","  sync: {","    error_login_first: 'Please log in first: ' + chalk.yellow('greenkeeper login')","  },","","  whoami: {","    name: function (data) {","      function format (plan) {","        if (plan === 'free') return chalk.dim(plan)","","        return chalk.green(plan)","      }","","      return 'You’re currently logged in as ' + chalk.bold(data.name) +","        (data.plan ? ' (' + format(data.plan) + ')' : '') + '.' +","        (data.organizations.length","          ? '\\nGreenkeeper can access these organizations:\\n\\n' + data.organizations","          .sort(function (a, b) {","            if (a.paying && !b.paying) return -1","            if (!a.paying && b.paying) return 1","            if (a.paying && b.paying) return a.name.toLowerCase() < b.name.toLowerCase() ? -1 : 1","","            if (a.plan !== 'free' && b.plan === 'free') return -1","            if (a.plan === 'free' && b.plan !== 'free') return 1","","            return a.name.toLowerCase() < b.name.toLowerCase() ? -1 : 1","          })","          .map(function (org) {","            return '    ' + chalk.bold(org.name) + (org.plan ? ' ' + format(org.plan) +","              (org.paying ? ', ' + chalk.underline('paid by you') : '') : '')","          }).join('\\n')","          : ''","        )","    }","  }","","}","","function getReadme (index) {","  var content = fs.readFileSync(join(__dirname, '../../README.md'), 'utf8')","","  if (typeof index !== 'number') return content","  return content.split('<!-- section /-->')[index]","}",""],"l":{"1":1,"2":1,"4":1,"5":1,"6":1,"8":1,"10":1,"12":1,"14":0,"18":0,"19":0,"25":0,"29":0,"32":0,"39":0,"43":0,"46":0,"49":0,"56":0,"83":1,"84":0,"86":0,"89":0,"94":0,"95":0,"96":0,"98":0,"99":0,"101":0,"104":0,"114":1,"115":0,"117":0,"118":0}},"/home/travis/build/npmtest/node-npmtest-greenkeeper/node_modules/greenkeeper/src/lib/logo.js":{"path":"/home/travis/build/npmtest/node-npmtest-greenkeeper/node_modules/greenkeeper/src/lib/logo.js","s":{"1":1,"2":1,"3":0},"b":{},"f":{"1":0},"fnMap":{"1":{"name":"(anonymous_1)","line":3,"loc":{"start":{"line":3,"column":17},"end":{"line":3,"column":29}}}},"statementMap":{"1":{"start":{"line":1,"column":0},"end":{"line":1,"column":28}},"2":{"start":{"line":3,"column":0},"end":{"line":17,"column":1}},"3":{"start":{"line":4,"column":2},"end":{"line":16,"column":16}}},"branchMap":{},"code":["var chalk = require('chalk')","","module.exports = function () {","  console.error(chalk.green([","    '                        oooo',","    '                        `888',","    '             .ooooooooo  888  ooooo',","    \"            8888' `8888  888 .88P'\",","    '            8888   8888  8888888.       g r e e n k e e p e r . i o',","    \"            `888bod88P'  888 `888b.\",","    '             `Yooooooo. o888o o8888o',","    '                  `Y88b',","    '            d88P   d888',","    \"            `Y8888888P'\",","    '\\n'","  ].join('\\n')))","}",""],"l":{"1":1,"3":1,"4":0}},"/home/travis/build/npmtest/node-npmtest-greenkeeper/node_modules/greenkeeper/src/commands.js":{"path":"/home/travis/build/npmtest/node-npmtest-greenkeeper/node_modules/greenkeeper/src/commands.js","s":{"1":1,"2":1,"3":1,"4":1,"5":1,"6":1,"7":190},"b":{"1":[190,110]},"f":{"1":190},"fnMap":{"1":{"name":"(anonymous_1)","line":56,"loc":{"start":{"line":56,"column":2},"end":{"line":56,"column":17}}}},"statementMap":{"1":{"start":{"line":1,"column":0},"end":{"line":1,"column":25}},"2":{"start":{"line":2,"column":0},"end":{"line":2,"column":30}},"3":{"start":{"line":4,"column":0},"end":{"line":26,"column":8}},"4":{"start":{"line":28,"column":0},"end":{"line":31,"column":1}},"5":{"start":{"line":33,"column":0},"end":{"line":52,"column":1}},"6":{"start":{"line":54,"column":0},"end":{"line":59,"column":1}},"7":{"start":{"line":57,"column":4},"end":{"line":57,"column":38}}},"branchMap":{"1":{"line":57,"type":"binary-expr","locations":[{"start":{"line":57,"column":11},"end":{"line":57,"column":31}},{"start":{"line":57,"column":35},"end":{"line":57,"column":38}}]}},"code":["var _ = require('lodash')","var abbrev = require('abbrev')","","var exports = module.exports = [","  'login',","  'logout',","  'enable',","  'disable',","  'info',","  'sync',","  'whoami',","  'support',","  'evilhackerdude',","  'lewis',","  'upgrade',","  'start',","  'list',","  'organization-access',","  'config',","  'npm-access',","  'npm-verify',","  'postpublish',","  'faq',","  'web-app',","  'signup'","].sort()","","exports.secrets = [","  'evilhackerdude',","  'lewis'","]","","exports.aliases = {","  ls: 'list',","  downgrade: 'support',","  cancel: 'support',","  unsubscribe: 'support',","  pay: 'upgrade',","  buy: 'upgrade',","  subscribe: 'upgrade',","  ehd: 'evilhackerdude',","  chat: 'support',","  signin: 'login',","  signout: 'logout',","  status: 'info',","  init: 'enable',","  on: 'enable',","  off: 'disable',","  access: 'organization-access',","  'organisation-access': 'organization-access',","  'org-access': 'organization-access'","}","","exports.all = _.mapValues(","  abbrev(exports.concat(Object.keys(exports.aliases))),","  function (cmd) {","    return exports.aliases[cmd] || cmd","  }",")",""],"l":{"1":1,"2":1,"4":1,"28":1,"33":1,"54":1,"57":190}},"/home/travis/build/npmtest/node-npmtest-greenkeeper/node_modules/greenkeeper/src/config.js":{"path":"/home/travis/build/npmtest/node-npmtest-greenkeeper/node_modules/greenkeeper/src/config.js","s":{"1":1,"2":1,"3":1,"4":1,"5":1,"6":1,"7":0,"8":0,"9":0,"10":0,"11":0,"12":0,"13":0,"14":0,"15":0,"16":0,"17":1,"18":0,"19":0,"20":0,"21":0,"22":0,"23":1,"24":0,"25":0,"26":0,"27":0,"28":0,"29":1,"30":0,"31":0,"32":0,"33":1,"34":0,"35":0,"36":0},"b":{"1":[0,0,0,0,0,0],"2":[0,0],"3":[0,0],"4":[0,0],"5":[0,0],"6":[0,0]},"f":{"1":0,"2":0,"3":0,"4":0,"5":0,"6":0},"fnMap":{"1":{"name":"(anonymous_1)","line":9,"loc":{"start":{"line":9,"column":17},"end":{"line":9,"column":34}}},"2":{"name":"get","line":36,"loc":{"start":{"line":36,"column":0},"end":{"line":36,"column":24}}},"3":{"name":"set","line":44,"loc":{"start":{"line":44,"column":0},"end":{"line":44,"column":24}}},"4":{"name":"del","line":52,"loc":{"start":{"line":52,"column":0},"end":{"line":52,"column":24}}},"5":{"name":"list","line":58,"loc":{"start":{"line":58,"column":0},"end":{"line":58,"column":17}}},"6":{"name":"(anonymous_6)","line":60,"loc":{"start":{"line":60,"column":37},"end":{"line":60,"column":52}}}},"statementMap":{"1":{"start":{"line":1,"column":0},"end":{"line":1,"column":30}},"2":{"start":{"line":2,"column":0},"end":{"line":2,"column":28}},"3":{"start":{"line":3,"column":0},"end":{"line":3,"column":27}},"4":{"start":{"line":5,"column":0},"end":{"line":5,"column":42}},"5":{"start":{"line":7,"column":0},"end":{"line":7,"column":62}},"6":{"start":{"line":9,"column":0},"end":{"line":34,"column":1}},"7":{"start":{"line":10,"column":2},"end":{"line":10,"column":34}},"8":{"start":{"line":11,"column":2},"end":{"line":11,"column":32}},"9":{"start":{"line":13,"column":2},"end":{"line":33,"column":3}},"10":{"start":{"line":15,"column":6},"end":{"line":15,"column":26}},"11":{"start":{"line":17,"column":6},"end":{"line":17,"column":26}},"12":{"start":{"line":19,"column":6},"end":{"line":19,"column":26}},"13":{"start":{"line":21,"column":6},"end":{"line":21,"column":27}},"14":{"start":{"line":23,"column":6},"end":{"line":23,"column":38}},"15":{"start":{"line":25,"column":6},"end":{"line":25,"column":38}},"16":{"start":{"line":26,"column":6},"end":{"line":32,"column":19}},"17":{"start":{"line":36,"column":0},"end":{"line":42,"column":1}},"18":{"start":{"line":37,"column":2},"end":{"line":37,"column":37}},"19":{"start":{"line":37,"column":24},"end":{"line":37,"column":37}},"20":{"start":{"line":39,"column":2},"end":{"line":39,"column":115}},"21":{"start":{"line":39,"column":29},"end":{"line":39,"column":115}},"22":{"start":{"line":41,"column":2},"end":{"line":41,"column":34}},"23":{"start":{"line":44,"column":0},"end":{"line":50,"column":1}},"24":{"start":{"line":45,"column":2},"end":{"line":45,"column":45}},"25":{"start":{"line":45,"column":27},"end":{"line":45,"column":45}},"26":{"start":{"line":47,"column":2},"end":{"line":47,"column":121}},"27":{"start":{"line":47,"column":29},"end":{"line":47,"column":121}},"28":{"start":{"line":49,"column":2},"end":{"line":49,"column":30}},"29":{"start":{"line":52,"column":0},"end":{"line":56,"column":1}},"30":{"start":{"line":53,"column":2},"end":{"line":53,"column":116}},"31":{"start":{"line":53,"column":29},"end":{"line":53,"column":116}},"32":{"start":{"line":55,"column":2},"end":{"line":55,"column":23}},"33":{"start":{"line":58,"column":0},"end":{"line":63,"column":1}},"34":{"start":{"line":59,"column":2},"end":{"line":59,"column":23}},"35":{"start":{"line":60,"column":2},"end":{"line":62,"column":4}},"36":{"start":{"line":61,"column":4},"end":{"line":61,"column":45}}},"branchMap":{"1":{"line":13,"type":"switch","locations":[{"start":{"line":14,"column":4},"end":{"line":15,"column":26}},{"start":{"line":16,"column":4},"end":{"line":17,"column":26}},{"start":{"line":18,"column":4},"end":{"line":19,"column":26}},{"start":{"line":20,"column":4},"end":{"line":21,"column":27}},{"start":{"line":22,"column":4},"end":{"line":23,"column":38}},{"start":{"line":24,"column":4},"end":{"line":32,"column":19}}]},"2":{"line":37,"type":"if","locations":[{
[...]
Bearer ' + token","    }","  }, function (err, res, data) {","    if (err) {","      log.error('login', 'Payment failed', err.message)","      process.exit(2)","    }","","    if (res.statusCode >= 502 && res.statusCode <= 504) {","      log.verbose('upgrade', 'Oops, that took too long. retrying...')","      return setTimeout(getPayment.bind(null, flags, id, token, org, callback), 1000)","    }","","    if (!(res.statusCode === 200 && data.ok)) {","      log.error('login', 'Payment failed')","      process.exit(1)","    }","","    callback(data)","  })","}","","function usage () {","  console.log([","    '',","    '  Please use one of these commands:',","    '',","    '      For  $5/month, fast queue, public repositories: ' + chalk.yellow('greenkeeper upgrade supporter'),","    '      For $14/month, faster queue,  all repositories: ' + chalk.yellow('greenkeeper upgrade personal'),","    '      For $50/month, fastest queue,  25 repositories: ' + chalk.yellow('greenkeeper upgrade organization 25 <your-org-name>'),","    '      For $90/month, fastest queue,  50 repositories: ' + chalk.yellow('greenkeeper upgrade organization 50 <your-org-name>'),","    '',","    '  If you need more repositories, emails us at support@greenkeeper.io',","    '',","    '  Try risk-free: If you’re not satisfied and cancel your account within',","    '  the first 30 days, we can refund your money – no questions asked. After',","    '  that, you can always cancel to the end of each running month.',","    '',","    '  If you would like to talk to a human, type `greenkeeper support`',","    ''","  ].join('\\n'))","  process.exit(1)","}",""],"l":{"1":1,"2":1,"3":1,"4":1,"5":1,"6":1,"7":1,"9":1,"10":1,"11":1,"13":1,"14":0,"16":0,"17":0,"18":0,"21":0,"22":0,"23":0,"26":0,"27":0,"28":0,"31":0,"32":0,"34":0,"36":0,"37":0,"40":0,"42":0,"43":0,"44":0,"47":0,"48":0,"50":0,"52":0,"53":0,"54":0,"57":0,"59":0,"60":0,"61":0,"65":0,"66":0,"68":0,"70":0,"75":0,"76":0,"77":0,"80":0,"81":0,"84":0,"86":0,"87":0,"90":1,"91":0,"104":0,"105":0,"106":0,"109":0,"110":0,"111":0,"114":0,"115":0,"116":0,"119":0,"123":1,"124":0,"142":0}},"/home/travis/build/npmtest/node-npmtest-greenkeeper/node_modules/greenkeeper/src/web-app.js":{"path":"/home/travis/build/npmtest/node-npmtest-greenkeeper/node_modules/greenkeeper/src/web-app.js","s":{"1":1,"2":1,"3":1,"4":0,"5":0,"6":0,"7":0,"8":0},"b":{"1":[0,0]},"f":{"1":0,"2":0},"fnMap":{"1":{"name":"(anonymous_1)","line":4,"loc":{"start":{"line":4,"column":17},"end":{"line":4,"column":34}}},"2":{"name":"(anonymous_2)","line":6,"loc":{"start":{"line":6,"column":12},"end":{"line":6,"column":27}}}},"statementMap":{"1":{"start":{"line":1,"column":0},"end":{"line":1,"column":28}},"2":{"start":{"line":2,"column":0},"end":{"line":2,"column":42}},"3":{"start":{"line":4,"column":0},"end":{"line":10,"column":1}},"4":{"start":{"line":5,"column":2},"end":{"line":5,"column":40}},"5":{"start":{"line":6,"column":2},"end":{"line":9,"column":4}},"6":{"start":{"line":7,"column":4},"end":{"line":7,"column":54}},"7":{"start":{"line":7,"column":13},"end":{"line":7,"column":54}},"8":{"start":{"line":8,"column":4},"end":{"line":8,"column":43}}},"branchMap":{"1":{"line":7,"type":"if","locations":[{"start":{"line":7,"column":4},"end":{"line":7,"column":4}},{"start":{"line":7,"column":4},"end":{"line":7,"column":4}}]}},"code":["var open = require('opener')","var rc = require('@greenkeeper/flags')._rc","","module.exports = function (flags) {","  var url = 'https://app.greenkeeper.io'","  open(url, function (err) {","    if (err) return console.log('Open this URL:', url)","    rc.set('web_interface_beta_banner', 11)","  })","}",""],"l":{"1":1,"2":1,"4":1,"5":0,"6":0,"7":0,"8":0}},"/home/travis/build/npmtest/node-npmtest-greenkeeper/node_modules/greenkeeper/src/whoami.js":{"path":"/home/travis/build/npmtest/node-npmtest-greenkeeper/node_modules/greenkeeper/src/whoami.js","s":{"1":1,"2":1,"3":1,"4":1,"5":1,"6":0,"7":0,"8":0,"9":0,"10":0,"11":0,"12":0,"13":0,"14":0,"15":0,"16":0,"17":0,"18":0,"19":0},"b":{"1":[0,0],"2":[0,0],"3":[0,0],"4":[0,0]},"f":{"1":0,"2":0},"fnMap":{"1":{"name":"(anonymous_1)","line":7,"loc":{"start":{"line":7,"column":17},"end":{"line":7,"column":34}}},"2":{"name":"(anonymous_2)","line":24,"loc":{"start":{"line":24,"column":5},"end":{"line":24,"column":31}}}},"statementMap":{"1":{"start":{"line":1,"column":0},"end":{"line":1,"column":28}},"2":{"start":{"line":2,"column":0},"end":{"line":2,"column":27}},"3":{"start":{"line":3,"column":0},"end":{"line":3,"column":32}},"4":{"start":{"line":5,"column":0},"end":{"line":5,"column":41}},"5":{"start":{"line":7,"column":0},"end":{"line":37,"column":1}},"6":{"start":{"line":8,"column":2},"end":{"line":8,"column":43}},"7":{"start":{"line":10,"column":2},"end":{"line":13,"column":3}},"8":{"start":{"line":11,"column":4},"end":{"line":11,"column":83}},"9":{"start":{"line":12,"column":4},"end":{"line":12,"column":19}},"10":{"start":{"line":15,"column":2},"end":{"line":15,"column":97}},"11":{"start":{"line":17,"column":2},"end":{"line":17,"column":39}},"12":{"start":{"line":18,"column":2},"end":{"line":36,"column":4}},"13":{"start":{"line":25,"column":4},"end":{"line":28,"column":5}},"14":{"start":{"line":26,"column":6},"end":{"line":26,"column":38}},"15":{"start":{"line":27,"column":6},"end":{"line":27,"column":21}},"16":{"start":{"line":30,"column":4},"end":{"line":33,"column":5}},"17":{"start":{"line":31,"column":6},"end":{"line":31,"column":96}},"18":{"start":{"line":32,"column":6},"end":{"line":32,"column":21}},"19":{"start":{"line":35,"column":4},"end":{"line":35,"column":33}}},"branchMap":{"1":{"line":10,"type":"if","locations":[{"start":{"line":10,"column":2},"end":{"line":10,"column":2}},{"start":{"line":10,"column":2},"end":{"line":10,"column":2}}]},"2":{"line":25,"type":"if","locations":[{"start":{"line":25,"column":4},"end":{"line":25,"column":4}},{"start":{"line":25,"column":4},"end":{"line":25,"column":4}}]},"3":{"line":30,"type":"if","locations":[{"start":{"line":30,"column":4},"end":{"line":30,"column":4}},{"start":{"line":30,"column":4},"end":{"line":30,"column":4}}]},"4":{"line":31,"type":"cond-expr","locations":[{"start":{"line":31,"column":66},"end":{"line":31,"column":89}},{"start":{"line":31,"column":92},"end":{"line":31,"column":94}}]}},"code":["var chalk = require('chalk')","var log = require('npmlog')","var request = require('request')","","var story = require('./lib/story').whoami","","module.exports = function (flags) {","  log.verbose('whoami', 'starting command')","","  if (!flags.token) {","    log.error('whoami', 'Login required. Run ' + chalk.yellow('greenkeeper login'))","    process.exit(1)","  }","","  log.info('whoami', 'If you’re missing organizations run ' + chalk.yellow('greenkeeper access'))","","  log.http('whoami', 'Sending request')","  request({","    url: flags.api + 'whoami',","    json: true,","    headers: {","      Authorization: 'Bearer ' + flags.token","    }","  }, function (err, res, data) {","    if (err) {","      log.error('whoami', err.message)","      process.exit(2)","    }","","    if (!data.name) {","      log.error('whoami', res.statusMessage + (res.body.message ? ': ' + res.body.message : ''))","      process.exit(2)","    }","","    console.log(story.name(data))","  })","}",""],"l":{"1":1,"2":1,"3":1,"5":1,"7":1,"8":0,"10":0,"11":0,"12":0,"15":0,"17":0,"18":0,"25":0,"26":0,"27":0,"30":0,"31":0,"32":0,"35":0}},"/home/travis/build/npmtest/node-npmtest-greenkeeper/node_modules/greenkeeper/src/npm-access/dialog.js":{"path":"/home/travis/build/npmtest/node-npmtest-greenkeeper/node_modules/greenkeeper/src/npm-access/dialog.js","s":{"1":1,"2":1,"3":1,"4":1,"5":1,"6":1,"7":1,"8":1,"9":1,"10":0,"11":0,"12":0,"13":0,"14":0,"15":0,"16":0,"17":1,"18":0,"19":0,"20":0,"21":0,"22":0,"23":0,"24":0,"25":0,"26":0,"27":0,"28":0,"29":0,"30":0,"31":0,"32":0,"33":0,"34":1,"35":0,"36":0,"37":0},"b":{"1":[0,0],"2":[0,0],"3":[0,0],"4":[0,0],"5":[0,0]},"f":{"1":0,"2":0,"3":0,"4":0,"5":0,"6":0,"7":0},"fnMap":{"1":{"name":"self","line":13,"loc":{"start":{"line":13,"column":17},"end":{"line":13,"column":36}}},"2":{"name":"(anonymous_2)","line":14,"loc":{"start":{"line":14,"column":14},"end":{"line":14,"column":39}}},"3":{"name":"(anonymous_3)","line":15,"loc":{"start":{"line":15,"column":22},"end":{"line":15,"column":44}}},"4":{"name":"getToken","line":26,"loc":{"start":{"line":26,"column":0},"end":{"line":26,"column":32}}},"5":{"name":"(anonymous_5)","line":48,"loc":{"start":{"line":48,"column":31},"end":{"line":48,"column":70}}},"6":{"name":"startDialog","line":60,"loc":{"start":{"line":60,"column":0},"end":{"line":60,"column":26}}},"7":{"name":"(anonymous_7)","line":72,"loc":{"start":{"line":72,"column":11},"end":{"line":72,"column":30}}}},"statementMap":{"1":{"start":{"line":1,"column":0},"end":{"line":1,"column":24}},"2":{"start":{"line":3,"column":0},"end":{"line":3,"column":25}},"3":{"start":{"line":4,"column":0},"end":{"line":4,"column":34}},"4":{"start":{"line":5,"column":0},"end":{"line":5,"column":27}},"5":{"start":{"line":6,"column":0},"end":{"line":6,"column":51}},"6":{"start":{"line":7,"column":0},"end":{"line":7,"column":36}},"7":{"start":{"line":9,"column":0},"end":{"line":9,"column":43}},"8":{"start":{"line":11,"column":0},"end":{"line":11,"column":14}},"9":{"start":{"line":13,"column":0},"end":{"line":24,"column":1}},"10":{"start":{"line":14,"column":2},"end":{"line":23,"column":4}},"11":{"start":{"line":15,"column":4},"end":{"line":22,"column":6}},"12":{"start":{"line":16,"column":6},"end":{"line":20,"column":7}},"13":{"start":{"line":17,"column":8},"end":{"line":17,"column":66}},"14":{"start":{"line":18,"column":8},"end":{"line":18,"column":44}},"15":{"start":{"line":19,"column":8},"end":{"line":19,"column":23}},"16":{"start":{"line":21,"column":6},"end":{"line":21,"column":21}},"17":{"start":{"line":26,"column":0},"end":{"line":58,"column":1}},"18":{"start":{"line":27,"column":2},"end":{"line":27,"column":46}},"19":{"start":{"line":28,"column":2},"end":{"line":28,"column":33}},"20":{"start":{"line":29,"column":2},"end":{"line":29,"column":33}},"21":{"start":{"line":34,"column":2},"end":{"line":41,"column":3}},"22":{"start":{"line":43,"column":2},"end":{"line":43,"column":92}},"23":{"start":{"line":44,"column":2},"end":{"line":47,"column":3}},"24":{"start":{"line":48,"column":2},"end":{"line":57,"column":4}},"25":{"start":{"line":49,"column":4},"end":{"line":53,"column":5}},"26":{"start":{"line":50,"column":6},"end":{"line":50,"column":86}},"27":{"start":{"line":50,"column":36},"end":{"line":50,"column":86}},"28":{"start":{"line":51,"column":6},"end":{"line":51,"column":89}},"29":{"start":{"line":51,"column":36},"end":{"line":51,"column":89}},"30":{"start":{"line":52,"column":6},"end":{"line":52,"column":22}},"31":{"start":{"line":54,"column":4},"end":{"line":54,"column":63}},"32":{"start":{"line":54,"column":21},"end":{"line":54,"column":63}},"33":{"start":{"line":56,"column":4},"end":{"line":56,"column":24}},"34":{"start":{"line":60,"column":0},"end":{"line":77,"column":1}},"35":{"start":{"line":61,"column":2},"end":{"line":76,"column":4}},"36":{"start":{"line":73,"column":4},"end":{"line":73,"column":19}},"37":{"start":{"line":75,"column":4},"end":{"line":75,"column":21}}},"branchMap":{"1":{"line":16,"type":"if","locations":[{"start":{"line":16,"column":6},"end":{"line":16,"column":6}},{"start":{"line":16,"column":6},"end":{"line":16,"column":6}}]},"2":{"line":49,"type":"if","locations":[{"start":{"line":49,"column":4},"end":{"line":49,"column":4}},{"start":{"line":49,"column":4},"end":{"line":49,"column":4}}]},"3":{"line":50,"type":"if","locations":[{"start":{"line":50,"column":6},"end":{"line":50,"column":6}},{"start":{"line":50,"column":6},"end":{"line":50,"column":6}}]},"4":{"line":51,"type":"if","locations":[{"start":{"line":51,"column":6},"end":{"line":51,"column":6}},{"start":{"line":51,"column":6},"end":{"line":51,"column":6}}]},"5":{"line":54,"type":"if","locations":[{"start":{"line":54,"column":4},"end":{"line":54,"column":4}},{"start":{"line":54,"column":4},"end":{"line":54,"column":4}}]}},"code":["var url = require('url')","","var _ = require('lodash')","var inquirer = require('inquirer')","var log = require('npmlog')","var RegistryClient = require('npm-registry-client')","var validator = require('validator')","","var client = new RegistryClient({log: log})","","var cache = {}","","module.exports = function self (cb) {","  startDialog(function (nope, answers) {","    getToken(answers, function (err, token) {","      if (err) {","        log.error('npm-access', 'Login failed, please try again.')","        log.error('npm-access', err.message)","        return self(cb)","      }","      cb(null, token)","    })","  })","}","","function getToken (answers, cb) {","  var registry = 'https://registry.npmjs.org/'","  var username = answers.username","  var password = answers.password","","  // Manual request to avoid account creation.","  // This should be supported by npm-registry-client: https://github.com/npm/npm-registry-client/issues/135","","  var userobj = {","    _id: 'org.couchdb.user:' + username,","    name: username,","    password: password,","    type: 'user',","    roles: [],","    date: new Date().toISOString()","  }","","  var uri = url.resolve(registry, '-/user/org.couchdb.user:' + encodeURIComponent(username))","  var options = {","    method: 'PUT',","    body: userobj","  }","  client.request(uri, options, function (error, data, json, response) {","    if (error) {","      if (error.statusCode === 401) error.message = 'Your password seems to be wrong.'","      if (error.statusCode === 400) error.message = 'You probably mistyped your username'","      return cb(error)","    }","    if (!data.token) return cb(new Error('No token returned.'))","","    cb(null, data.token)","  })","}","","function startDialog (cb) {","  inquirer.prompt([{","    type: 'input',","    name: 'username',","    message: 'npm username',","    default: cache.username,","    validate: _.ary(_.partial(validator.isLength, _, 1), 1)","  }, {","    type: 'password',","    name: 'password',","    message: 'npm password',","    validate: _.ary(_.partial(validator.isLength, _, 1), 1)","  }]).then(function (answers) {","    cache = answers","","    cb(null, answers)","  })","}",""],"l":{"1":1,"3":1,"4":1,"5":1,"6":1,"7":1,"9":1,"11":1,"13":1,"14":0,"15":0,"16":0,"17":0,"18":0,"19":0,"21":0,"26":1,"27":0,"28":0,"29":0,"34":0,"43":0,"44":0,"48":0,"49":0,"50":0,"51":0,"52":0,"54":0,"56":0,"60":1,"61":0,"73":0,"75":0}},"/home/travis/build/npmtest/node-npmtest-greenkeeper/node_modules/greenkeeper/src/npm-access/index.js":{"path":"/home/travis/build/npmtest/node-npmtest-greenkeeper/node_modules/greenkeeper/src/npm-access/index.js","s":{"1":1,"2":1,"3":1,"4":1,"5":1,"6":0,"7":0,"8":0,"9":0,"10":0,"11":0,"12":0,"13":0,"14":0,"15":0,"16":0,"17":0,"18":0,"19":0,"20":0,"21":0,"22":0,"23":0,"24":0,"25":0,"26":0},"b":{"1":[0,0],"2":[0,0],"3":[0,0],"4":[0,0],"5":[0,0],"6":[0,0]},"f":{"1":0,"2":0,"3":0},"fnMap":{"1":{"name":"(anonymous_1)","line":7,"loc":{"start":{"line":7,"column":17},"end":{"line":7,"column":34}}},"2":{"name":"(anonymous_2)","line":22,"loc":{"start":{"line":22,"column":9},"end":{"line":22,"column":31}}},"3":{"name":"(anonymous_3)","line":40,"loc":{"start":{"line":40,"column":7},"end":{"line":40,"column":33}}}},"statementMap":{"1":{"start":{"line":1,"column":0},"end":{"line":1,"column":28}},"2":{"start":{"line":2,"column":0},"end":{"line":2,"column":27}},"3":{"start":{"line":3,"column":0},"end":{"line":3,"column":32}},"4":{"start":{"line":5,"column":0},"end":{"line":5,"column":32}},"5":{"start":{"line":7,"column":0},"end":{"line":54,"column":1}},"6":{"start":{"line":8,"column":2},"end":{"line":8,"column":47}},"7":{"start":{"line":10,"column":2},"end":{"line":13,"column":3}},"8":{"start":{"line":11,"column":4},"end":{"line":11,"column":87}},"9":{"start":{"line":12,"column":4},"end":{"line":12,"column":19}},"10":{"start":{"line":15,"column":2},"end":{"line":15,"column":160}},"11":{"start":{"line":17,"column":2},"end":{"line":19,"column":3}},"12":{"start":{"line":18,"column":4},"end":{"line":18,"column":145}},"13":{"start":{"line":21,"column":2},"end":{"line":21,"column":44}},"14":{"start":{"line":22,"column":2},"end":{"line":53,"column":4}},"15":{"start":{"line":23,"column":4},"end":{"line":26,"column":5}},"16":{"start":{"line":24,"column":6},"end":{"line":24,"column":63}},"17":{"start":{"line":25,"column":6},"end":{"line":25,"column":21}},"18":{"start":{"line":28,"column":4},"end":{"line":28,"column":45}},"19":{"start":{"line":29,"column":4},"end":{"line":52,"column":6}},"20":{"start":{"line":41,"column":6},"end":{"line":44,"column":7}},"21":{"start":{"line":42,"column":8},"end":{"line":42,"column":44}},"22":{"start":{"line":43,"column":8},"end":{"line":43,"column":23}},"23":{"start":{"line":46,"column":6},"end":{"line":49,"column":7}},"24":{"start":{"line":47,"column":8},"end":{"line":47,"column":102}},"25":{"start":{"line":48,"column":8},"end":{"line":48,"column":23}},"26":{"start":{"line":51,"column":6},"end":{"line":51,"column":77}}},"branchMap":{"1":{"line":10,"type":"if","locations":[{"start":{"line":10,"column":2},"end":{"line":10,"column":2}},{"start":{"line":10,"column":2},"end":{"line":10,"column":2}}]},"2":{"line":17,"type":"if","locations":[{"start":{"line":17,"column":2},"end":{"line":17,"column":2}},{"start":{"line":17,"column":2},"end":{"line":17,"column":2}}]},"3":{"line":23,"type":"if","locations":[{"start":{"line":23,"column":4},"end":{"line":23,"column":4}},{"start":{"line":23,"column":4},"end":{"line":23,"column":4}}]},"4":{"line":41,"type":"if","locations":[{"start":{"line":41,"column":6},"end":{"line":41,"column":6}},{"start":{"line":41,"column":6},"end":{"line":41,"column":6}}]},"5":{"line":46,"type":"if","locations":[{"start":{"line":46,"column":6},"end":{"line":46,"column":6}},{"start":{"line":46,"column":6},"end":{"line":46,"column":6}}]},"6":{"line":47,"type":"cond-expr","locations":[{"start":{"line":47,"column":72},"end":{"line":47,"column":95}},{"start":{"line":47,"column":98},"end":{"line":47,"column":100}}]}},"code":["var chalk = require('chalk')","var log = require('npmlog')","var request = require('request')","","var dialog = require('./dialog')","","module.exports = function (flags) {","  log.verbose('npm-access', 'starting command')","","  if (!flags.token) {","    log.error('npm-access', 'Login required. Run ' + chalk.yellow('greenkeeper login'))","    process.exit(1)","  }","","  log.info('npm-access', 'Your machine will talk directly to the npm registry to generate an npm token.\\nYour npm password is not sent to Greenkeeper servers.')","","  if (!flags.organization) {","    log.info('npm-access', 'If you want to grant access for an organization run ' + chalk.yellow('greenkeeper npm-access --organization=<name>'))","  }","","  log.silly('npm-access', 'starting dialog')","  dialog(function (err, token) {","    if (err) {","      log.error('npm-access', 'Failed to get token from user.')","      process.exit(1)","    }","","    log.http('npm-access', 'Sending request')","    request({","      method: 'POST',","      url: flags.api + 'npm',","      json: true,","      headers: {","        Authorization: 'Bearer ' + flags.token","      },","      body: {","        token: token,","        organization: flags.organization","      }","    }, function (err, res, data) {","      if (err) {","        log.error('npm-access', err.message)","        process.exit(2)","      }","","      if (!data.username) {","        log.error('npm-access', res.statusMessage + (res.body.message ? ': ' + res.body.message : ''))","        process.exit(2)","      }","","      console.log('Authenticated with npm. Token was successfully uploaded.')","    })","  })","}",""],"l":{"1":1,"2":1,"3":1,"5":1,"7":1,"8":0,"10":0,"11":0,"12":0,"15":0,"17":0,"18":0,"21":0,"22":0,"23":0,"24":0,"25":0,"28":0,"29":0,"41":0,"42":0,"43":0,"46":0,"47":0,"48":0,"51":0}}}